import time: self [us] | cumulative | imported package
import time:       180 |        180 |   _io
import time:        40 |         40 |   marshal
import time:       355 |        355 |   posix
import time:       721 |       1295 | _frozen_importlib_external
import time:       117 |        117 |   time
import time:       267 |        384 | zipimport
import time:        40 |         40 |     _codecs
import time:       660 |        700 |   codecs
import time:       674 |        674 |   encodings.aliases
import time:      2003 |       3376 | encodings
import time:       711 |        711 | encodings.utf_8
import time:       118 |        118 | _signal
import time:        31 |         31 |       _abc
import time:       170 |        201 |     abc
import time:        41 |         41 |       _stat
import time:       118 |        158 |     stat
import time:       889 |        889 |     _collections_abc
import time:        65 |         65 |       errno
import time:       100 |        100 |       genericpath
import time:       188 |        352 |     posixpath
import time:       556 |       2155 |   os
import time:       103 |        103 |   _sitebuiltins
import time:       376 |        376 |   encodings.utf_8_sig
import time:        44 |         44 |       atexit
import time:       118 |        118 |             itertools
import time:       696 |        696 |             keyword
import time:        65 |         65 |               _operator
import time:       525 |        589 |             operator
import time:       789 |        789 |             reprlib
import time:        64 |         64 |             _collections
import time:      1850 |       4103 |           collections
import time:        38 |       4141 |         collections.abc
import time:        40 |         40 |               _types
import time:       475 |        515 |             types
import time:        54 |         54 |             _functools
import time:      1030 |       1597 |           functools
import time:       755 |       2352 |         contextlib
import time:       209 |        209 |         io
import time:      2033 |       2033 |           enum
import time:        70 |         70 |             _sre
import time:       826 |        826 |               re._constants
import time:      1046 |       1872 |             re._parser
import time:       294 |        294 |             re._casefix
import time:       618 |       2852 |           re._compiler
import time:       405 |        405 |           copyreg
import time:      1133 |       6421 |         re
import time:      2165 |      15285 |       configparser
import time:       952 |        952 |           _winapi
import time:       207 |        207 |           nt
import time:       197 |        197 |           nt
import time:       193 |        193 |           nt
import time:       188 |        188 |           nt
import time:       198 |        198 |           nt
import time:       189 |        189 |           nt
import time:       190 |        190 |           nt
import time:       344 |       2655 |         ntpath
import time:       479 |        479 |           fnmatch
import time:       654 |       1132 |         glob
import time:        53 |         53 |         pwd
import time:       469 |        469 |         grp
import time:       443 |        443 |           fcntl
import time:       208 |        208 |           _winapi
import time:       656 |       1305 |         pathlib._os
import time:      1479 |       7091 |       pathlib
import time:       469 |        469 |         math
import time:       951 |        951 |           _bisect
import time:       374 |       1325 |         bisect
import time:       417 |        417 |         _random
import time:       643 |       2853 |       random
import time:       619 |        619 |         _socket
import time:      2081 |       2699 |       socket
import time:       909 |        909 |         _uuid
import time:       723 |       1631 |       uuid
import time:       446 |        446 |               _json
import time:       540 |        986 |             json.scanner
import time:       714 |       1699 |           json.decoder
import time:      1004 |       1004 |           json.encoder
import time:       782 |       3484 |         json
import time:       218 |        218 |         nersc_pymon._vendor
import time:        32 |         32 |                 _contextvars
import time:       779 |        779 |                 _weakrefset
import time:       806 |       1616 |               threading
import time:      1060 |       2676 |             sysconfig
import time:      1141 |       1141 |             _ctypes
import time:       628 |        628 |               _struct
import time:       689 |       1316 |             struct
import time:       539 |        539 |             ctypes._endian
import time:      1490 |       7161 |           ctypes
import time:        49 |         49 |             _datetime
import time:       644 |        693 |           datetime
import time:      1464 |       9317 |         nersc_pymon._vendor.nerscjson
import time:       864 |      13882 |       nersc_pymon.log
import time:      2064 |      45546 |     nersc_pymon
import time:      2551 |      48096 |   sitecustomize
import time:       211 |        211 |   usercustomize
import time:      1082 |      52021 | site
import time:       448 |        448 | linecache
import time:       646 |        646 |   healpy.version
import time:       607 |        607 |         _py_warnings
import time:       709 |       1315 |       warnings
import time:       558 |        558 |       numpy.version
import time:       576 |        576 |       numpy._expired_attrs_2_0
import time:       558 |        558 |           numpy._utils._convertions
import time:       533 |       1090 |         numpy._utils
import time:       582 |       1671 |       numpy._globals
import time:        67 |         67 |         numpy._distributor_init_local
import time:       438 |        505 |       numpy._distributor_init
import time:       743 |        743 |                 numpy.exceptions
import time:       797 |        797 |                 numpy._core._exceptions
import time:       794 |        794 |                   contextvars
import time:       611 |       1404 |                 numpy._core.printoptions
import time:       832 |        832 |                 numpy.dtypes
import time:     18473 |      22247 |               numpy._core._multiarray_umath
import time:        62 |         62 |                       _ast
import time:       963 |       1024 |                     ast
import time:       870 |       1894 |                   annotationlib
import time:        43 |         43 |                       _opcode
import time:       483 |        483 |                       _opcode_metadata
import time:       903 |       1429 |                     opcode
import time:      1623 |       3051 |                   dis
import time:       497 |        497 |                     importlib
import time:        98 |        594 |                   importlib.machinery
import time:       411 |        411 |                     token
import time:        36 |         36 |                     _tokenize
import time:      1113 |       1559 |                   tokenize
import time:       666 |        666 |                   weakref
import time:      2558 |      10320 |                 inspect
import time:       481 |        481 |                 numpy._utils._inspect
import time:       651 |      11451 |               numpy._core.overrides
import time:      1867 |      35564 |             numpy._core.multiarray
import time:       690 |        690 |             numpy._core.umath
import time:       880 |        880 |               numbers
import time:       815 |        815 |               numpy._core._dtype
import time:       677 |        677 |               numpy._core._string_helpers
import time:       801 |        801 |               numpy._core._type_aliases
import time:       698 |       3869 |             numpy._core.numerictypes
import time:       505 |        505 |                         _compat_pickle
import time:       550 |        550 |                         _pickle
import time:      2598 |       3652 |                       pickle
import time:       530 |       4181 |                     numpy._core._methods
import time:      1556 |       5737 |                   numpy._core.fromnumeric
import time:      1039 |       6775 |                 numpy._core.shape_base
import time:       760 |        760 |                 numpy._core._ufunc_config
import time:       659 |        659 |                 numpy._core._asarray
import time:       912 |        912 |                 numpy._core.arrayprint
import time:      1124 |      10228 |               numpy._core.numeric
import time:      1624 |      11852 |             numpy._core.einsumfunc
import time:       524 |        524 |             numpy._core.function_base
import time:       536 |        536 |             numpy._core.getlimits
import time:       849 |        849 |             numpy._core.memmap
import time:       648 |        648 |             numpy._core.records
import time:       957 |        957 |               textwrap
import time:      4472 |       5428 |             numpy._core._add_newdocs
import time:       909 |        909 |             numpy._core._add_newdocs_scalars
import time:       420 |        420 |             numpy._core._dtype_ctypes
import time:       907 |        907 |             numpy._core._internal
import time:       658 |        658 |             numpy._pytesttester
import time:      1055 |      63903 |           numpy._core
import time:        43 |      63945 |         numpy._core._multiarray_umath
import time:       821 |      64765 |       numpy.__config__
import time:        40 |         40 |             _typing
import time:      2975 |       3015 |           typing
import time:       712 |        712 |                         numpy._typing._nbit_base
import time:       540 |        540 |                         numpy._typing._nested_sequence
import time:       408 |        408 |                         numpy._typing._shape
import time:      2177 |       3835 |                       numpy._typing._array_like
import time:      1757 |       1757 |                       numpy._typing._char_codes
import time:      1969 |       1969 |                       numpy._typing._dtype_like
import time:       621 |        621 |                       numpy._typing._nbit
import time:       444 |        444 |                       numpy._typing._scalars
import time:       409 |        409 |                       numpy._typing._ufunc
import time:       952 |       9983 |                     numpy._typing
import time:       534 |        534 |                       numpy.lib._stride_tricks_impl
import time:      1083 |       1617 |                     numpy.lib._twodim_base_impl
import time:       405 |        405 |                       numpy.lib._array_utils_impl
import time:       605 |       1010 |                     numpy.lib.array_utils
import time:       999 |        999 |                     numpy.linalg._umath_linalg
import time:      2144 |      15750 |                   numpy.linalg._linalg
import time:       637 |      16387 |                 numpy.linalg
import time:       741 |      17127 |               numpy.matrixlib.defmatrix
import time:       702 |      17828 |             numpy.matrixlib
import time:       850 |        850 |               numpy.lib._histograms_impl
import time:      2224 |       3073 |             numpy.lib._function_base_impl
import time:      1072 |      21973 |           numpy.lib._index_tricks_impl
import time:       753 |      25740 |         numpy.lib._arraypad_impl
import time:      1354 |       1354 |         numpy.lib._arraysetops_impl
import time:       456 |        456 |         numpy.lib._arrayterator_impl
import time:       934 |        934 |         numpy.lib._nanfunctions_impl
import time:       221 |        221 |                   _wmi
import time:      1230 |       1450 |                 platform
import time:       541 |       1990 |               numpy.lib._utils_impl
import time:       548 |       2538 |             numpy.lib._format_impl
import time:       613 |       3150 |           numpy.lib.format
import time:       970 |        970 |           numpy.lib._datasource
import time:      1237 |       1237 |           numpy.lib._iotools
import time:       914 |       6270 |         numpy.lib._npyio_impl
import time:       712 |        712 |             numpy.lib._ufunclike_impl
import time:       856 |       1567 |           numpy.lib._type_check_impl
import time:      1121 |       2688 |         numpy.lib._polynomial_impl
import time:       692 |        692 |         numpy.lib._shape_base_impl
import time:       443 |        443 |         numpy.lib._version
import time:       579 |        579 |         numpy.lib.introspect
import time:       862 |        862 |         numpy.lib.mixins
import time:       390 |        390 |         numpy.lib.npyio
import time:      1103 |       1103 |           numpy.lib._scimath_impl
import time:       410 |       1512 |         numpy.lib.scimath
import time:       589 |        589 |         numpy.lib.stride_tricks
import time:       990 |      43492 |       numpy.lib
import time:       424 |        424 |       numpy._array_api_info
import time:      1815 |     115117 |     numpy
import time:       392 |        392 |           __future__
import time:       437 |        828 |         codeop
import time:       418 |        418 |             copy
import time:      1342 |       1760 |           dataclasses
import time:      4948 |       6708 |         _colorize
import time:       864 |       8399 |       traceback
import time:        37 |         37 |         _string
import time:      1127 |       1163 |       string
import time:      2208 |      11768 |     logging
import time:       427 |        427 |       healpy.utils
import time:       511 |        937 |     healpy.utils.deprecation
import time:     18581 |      18581 |     healpy._healpy_pixel_lib
import time:       809 |        809 |                   email
import time:       496 |        496 |                     binascii
import time:       340 |        340 |                       importlib._abc
import time:       191 |        531 |                     importlib.util
import time:       697 |        697 |                       zlib
import time:       443 |        443 |                           compression
import time:       970 |       1413 |                         compression._common
import time:       593 |        593 |                         compression._common._streams
import time:       449 |        449 |                         _bz2
import time:       542 |       2995 |                       bz2
import time:       697 |        697 |                         _lzma
import time:       487 |       1184 |                       lzma
import time:       515 |        515 |                         _zstd
import time:       913 |        913 |                         compression.zstd._zstdfile
import time:      1357 |       2784 |                       compression.zstd
import time:      1420 |       9078 |                     shutil
import time:       537 |        537 |                       zipfile._path.glob
import time:       761 |       1297 |                     zipfile._path
import time:      1334 |      12733 |                   zipfile
import time:       598 |        598 |                   importlib.metadata._meta
import time:       447 |        447 |                   importlib.metadata._collections
import time:       351 |        351 |                   importlib.metadata._functools
import time:       289 |        289 |                   importlib.metadata._itertools
import time:       542 |        542 |                   importlib.abc
import time:      1956 |      17720 |                 importlib.metadata
import time:       223 |        223 |                   packaging
import time:        37 |        259 |                 packaging.version
import time:       650 |      18629 |               astropy.utils.introspection
import time:       499 |      19127 |             astropy.utils.codegen
import time:       656 |      19783 |           astropy.utils
import time:        35 |      19818 |         astropy.utils.system_info
import time:      1192 |      21009 |       astropy
import time:        26 |      21035 |     astropy.utils
import time:       626 |     168062 |   healpy.pixelfunc
import time:       679 |     169386 | healpy
Traceback (most recent call last):
  File "<string>", line 1, in <module>
    import healpy as hp; print(hp.__version__)
    ^^^^^^^^^^^^^^^^^^^
  File "/global/homes/t/toshiyan/.conda/envs/py_dev/lib/python3.14/site-packages/healpy/__init__.py", line 26, in <module>
    from .pixelfunc import (
    ...<36 lines>...
    )
  File "/global/homes/t/toshiyan/.conda/envs/py_dev/lib/python3.14/site-packages/healpy/pixelfunc.py", line 1632, in <module>
    @deprecated_renamed_argument("verbose", None, "1.15.0")
     ~~~~~~~~~~~~~~~~~~~~~~~~~~~^^^^^^^^^^^^^^^^^^^^^^^^^^^
  File "/global/homes/t/toshiyan/.conda/envs/py_dev/lib/python3.14/site-packages/healpy/utils/deprecation.py", line 41, in deprecated_renamed_argument
    from astropy.utils import deprecated_renamed_argument
  File "/global/homes/t/toshiyan/.conda/envs/py_dev/lib/python3.14/site-packages/astropy/__init__.py", line 13, in <module>
    from astropy.utils.system_info import system_info
  File "/global/homes/t/toshiyan/.conda/envs/py_dev/lib/python3.14/site-packages/astropy/utils/__init__.py", line 17, in <module>
    from .codegen import *
  File "/global/homes/t/toshiyan/.conda/envs/py_dev/lib/python3.14/site-packages/astropy/utils/codegen.py", line 10, in <module>
    from .introspection import find_current_module
  File "/global/homes/t/toshiyan/.conda/envs/py_dev/lib/python3.14/site-packages/astropy/utils/introspection.py", line 12, in <module>
    from packaging.version import Version
ModuleNotFoundError: No module named 'packaging'
