This is pdfeTeX, Version 3.141592-1.21a-2.2 (Web2C 7.5.4) (format=latex 2011.8.3)  26 AUG 2016 12:57
entering extended mode
**./facilitiesimages.tex
(./facilitiesimages.tex
LaTeX2e <2008/12/01>
Babel <v3.8d> and hyphenation patterns for american, french, german, ngerman, b
ahasa, basque, bulgarian, catalan, croatian, czech, danish, dutch, esperanto, e
stonian, finnish, greek, icelandic, irish, italian, latin, magyar, norsk, polis
h, portuges, romanian, russian, serbian, slovak, slovene, spanish, swedish, tur
kish, ukrainian, nohyphenation, loaded.

(/sw2/share/texmf-dist/tex/latex/base/article.cls
Document Class: article 2004/02/16 v1.4f Standard LaTeX document class
(/sw2/share/texmf-dist/tex/latex/base/size12.clo
File: size12.clo 2004/02/16 v1.4f Standard LaTeX file (size option)
)
\c@part=\count79
\c@section=\count80
\c@subsection=\count81
\c@subsubsection=\count82
\c@paragraph=\count83
\c@subparagraph=\count84
\c@figure=\count85
\c@table=\count86
\abovecaptionskip=\skip41
\belowcaptionskip=\skip42
\bibindent=\dimen102
) (/sw2/share/texmf-dist/tex/latex/base/ifthen.sty
Package: ifthen 2001/05/26 v1.1c Standard LaTeX ifthen package (DPC)
) (/sw2/share/texmf-dist/tex/latex/hyperref/xr-hyper.sty
Package: xr-hyper 2000/03/22 v6.00beta4 eXternal References (DPC)
) (/tmp/Healpix_3.31/doc/TeX/healpix.sty
Package: healpix 
Package: healpix macros (A.J. Banday, M. Bartelmann)
Document format
(/sw2/share/texmf-dist/tex/latex/a4wide/a4wide.sty
Package: a4wide 1994/08/30
(/sw2/share/texmf-dist/tex/latex/ntgclass/a4.sty
Package: a4 2004/04/15 v1.2g A4 based page layout
)) (/sw2/share/texmf-dist/tex/latex/graphics/graphicx.sty
Package: graphicx 1999/02/16 v1.0f Enhanced LaTeX Graphics (DPC,SPQR)
(/sw2/share/texmf-dist/tex/latex/graphics/keyval.sty
Package: keyval 1999/03/16 v1.13 key=value parser (DPC)
\KV@toks@=\toks14
) (/sw2/share/texmf-dist/tex/latex/graphics/graphics.sty
Package: graphics 2001/07/07 v1.0n Standard LaTeX Graphics (DPC,SPQR)
(/sw2/share/texmf-dist/tex/latex/graphics/trig.sty
Package: trig 1999/03/16 v1.09 sin cos tan (DPC)
) (/sw2/share/texmf-dist/tex/latex/graphics/graphics.cfg
File: graphics.cfg 2005/02/03 v1.3 graphics configuration of teTeX/TeXLive
)
Package graphics Info: Driver file: dvips.def on input line 80.
(/sw2/share/texmf-dist/tex/latex/graphics/dvips.def
File: dvips.def 1999/02/16 v3.0i Driver-dependant file (DPC,SPQR)
))
\Gin@req@height=\dimen103
\Gin@req@width=\dimen104
) (/sw2/share/texmf-dist/tex/latex/fancyhdr/fancyhdr.sty
\fancy@headwidth=\skip43
\f@ncyO@elh=\skip44
\f@ncyO@erh=\skip45
\f@ncyO@olh=\skip46
\f@ncyO@orh=\skip47
\f@ncyO@elf=\skip48
\f@ncyO@erf=\skip49
\f@ncyO@olf=\skip50
\f@ncyO@orf=\skip51
) (/tmp/Healpix_3.31/doc/TeX/hpxversion.tex) (/tmp/Healpix_3.31/doc/TeX/idlvers
ion.tex) (/tmp/Healpix_3.31/doc/TeX/gdlversion.tex)
\bigicon=\skip52
\smallicon=\skip53
\blocksize=\skip54
\c@creq=\count87
\c@savecreq=\count88
) (/sw2/share/texmf-local/tex/latex/html/html.sty (/sw2/share/texmf-dist/tex/la
tex/hyperref_bk/hyperref.sty
Package: hyperref 2003/11/30 v6.74m Hypertext links for LaTeX
\@linkdim=\dimen105
\Hy@linkcounter=\count89
\Hy@pagecounter=\count90
(/sw2/share/texmf-dist/tex/latex/hyperref_bk/pd1enc.def
File: pd1enc.def 2003/11/30 v6.74m Hyperref: PDFDocEncoding definition (HO)
) (/sw2/share/texmf-dist/tex/latex/hyperref_bk/hyperref.cfg
File: hyperref.cfg 2002/06/06 v1.2 hyperref configuration of TeXLive and teTeX
)
Package hyperref Info: Hyper figures OFF on input line 1880.
Package hyperref Info: Link nesting OFF on input line 1885.
Package hyperref Info: Hyper index ON on input line 1888.
Package hyperref Info: Plain pages ON on input line 1893.
Package hyperref Info: Backreferencing OFF on input line 1900.
Implicit mode ON; LaTeX internals redefined
Package hyperref Info: Bookmarks ON on input line 2004.
(/sw2/share/texmf-local/tex/latex/html/url.sty
Package: url 1999/03/02  ver 1.4  Verb mode for urls, email addresses, and file
 names
)
LaTeX Info: Redefining \url on input line 2143.
\Fld@menulength=\count91
\Field@Width=\dimen106
\Fld@charsize=\dimen107
\Choice@toks=\toks15
\Field@toks=\toks16
Package hyperref Info: Hyper figures OFF on input line 2618.
Package hyperref Info: Link nesting OFF on input line 2623.
Package hyperref Info: Hyper index ON on input line 2626.
Package hyperref Info: backreferencing OFF on input line 2633.
Package hyperref Info: Link coloring OFF on input line 2638.
\c@Item=\count92
\c@Hfootnote=\count93
)
*hyperref using default driver hdvips*
(/sw2/share/texmf-dist/tex/latex/hyperref_bk/hdvips.def
File: hdvips.def 2003/11/30 v6.74m Hyperref driver for dvips
(/sw2/share/texmf-dist/tex/latex/hyperref_bk/pdfmark.def
File: pdfmark.def 2003/11/30 v6.74m Hyperref definitions for pdfmark specials
\pdf@docset=\toks17
\pdf@box=\box26
\pdf@toks=\toks18
\pdf@defaulttoks=\toks19
\Fld@listcount=\count94
\@outlinefile=\write3
))
Package: html 1999/07/19 v1.38 hypertext commands for latex2html (nd, hws, rrm)

\c@lpart=\count95
\c@lchapter=\count96
\c@chapter=\count97
\c@lsection=\count98
\c@lsubsection=\count99
\c@lsubsubsection=\count100
\c@lparagraph=\count101
\c@lsubparagraph=\count102
\c@lsubsubparagraph=\count103
\ptrfile=\write4
) (/sw2/share/texmf-dist/tex/latex/base/makeidx.sty
Package: makeidx 2000/03/29 v1.0m Standard LaTeX package
)
Package hyperref Info: Option `colorlinks' set `true' on input line 20.
Package xr Info: IMPORTING LABELS FROM intro.aux on input line 48.
Package xr Info: IMPORTING LABELS FROM install.aux on input line 49.
Package xr Info: IMPORTING LABELS FROM csub.aux on input line 50.
Package xr Info: IMPORTING LABELS FROM ang2vec_c.aux on input line 50.
Package xr Info: IMPORTING LABELS FROM get_fits_size_c.aux on input line 50.
Package xr Info: IMPORTING LABELS FROM npix2nside_c.aux on input line 50.
Package xr Info: IMPORTING LABELS FROM nside2npix_c.aux on input line 50.
Package xr Info: IMPORTING LABELS FROM pix_tools_c.aux on input line 50.
Package xr Info: IMPORTING LABELS FROM read_healpix_map_c.aux on input line 50.

Package xr Info: IMPORTING LABELS FROM vec2ang_c.aux on input line 50.
Package xr Info: IMPORTING LABELS FROM write_healpix_map_c.aux on input line 50
.
Package xr Info: IMPORTING LABELS FROM idl.aux on input line 51.
Package xr Info: IMPORTING LABELS FROM alm_i2t_idl.aux on input line 51.
Package xr Info: IMPORTING LABELS FROM alm_t2i_idl.aux on input line 51.
Package xr Info: IMPORTING LABELS FROM alm2fits_idl.aux on input line 51.
Package xr Info: IMPORTING LABELS FROM ang2vec_idl.aux on input line 51.
Package xr Info: IMPORTING LABELS FROM angulardistance_idl.aux on input line 51
.
Package xr Info: IMPORTING LABELS FROM azeqview_idl.aux on input line 51.
Package xr Info: IMPORTING LABELS FROM beam2bl_idl.aux on input line 51.
Package xr Info: IMPORTING LABELS FROM bin_llcl_idl.aux on input line 51.
Package xr Info: IMPORTING LABELS FROM bl2beam_idl.aux on input line 51.
Package xr Info: IMPORTING LABELS FROM bl2fits_idl.aux on input line 51.
Package xr Info: IMPORTING LABELS FROM cartcursor_idl.aux on input line 51.
Package xr Info: IMPORTING LABELS FROM cartview_idl.aux on input line 51.
Package xr Info: IMPORTING LABELS FROM change_polcconv_idl.aux on input line 51
.
Package xr Info: IMPORTING LABELS FROM cl2fits_idl.aux on input line 51.
Package xr Info: IMPORTING LABELS FROM convert_oldhpx2cmbfast_idl.aux on input 
line 51.
Package xr Info: IMPORTING LABELS FROM euler_matrix_new_idl.aux on input line 5
1.
Package xr Info: IMPORTING LABELS FROM fits2alm_idl.aux on input line 51.
Package xr Info: IMPORTING LABELS FROM fits2cl_idl.aux on input line 51.
Package xr Info: IMPORTING LABELS FROM gaussbeam_idl.aux on input line 51.
Package xr Info: IMPORTING LABELS FROM getdisc_ring_idl.aux on input line 51.
Package xr Info: IMPORTING LABELS FROM getsize_fits_idl.aux on input line 51.
Package xr Info: IMPORTING LABELS FROM gnomcursor_idl.aux on input line 51.
Package xr Info: IMPORTING LABELS FROM gnomview_idl.aux on input line 51.
Package xr Info: IMPORTING LABELS FROM healpix_doc_idl.aux on input line 51.
Package xr Info: IMPORTING LABELS FROM healpixwindow_idl.aux on input line 51.
Package xr Info: IMPORTING LABELS FROM hpx2dm_idl.aux on input line 51.
Package xr Info: IMPORTING LABELS FROM hpx2gs_idl.aux on input line 51.
Package xr Info: IMPORTING LABELS FROM ialteralm_idl.aux on input line 51.
Package xr Info: IMPORTING LABELS FROM ianafast_idl.aux on input line 51.
Package xr Info: IMPORTING LABELS FROM index2lm_idl.aux on input line 51.
Package xr Info: IMPORTING LABELS FROM init_healpix_idl.aux on input line 51.
Package xr Info: IMPORTING LABELS FROM iprocess_mask_idl.aux on input line 51.
Package xr Info: IMPORTING LABELS FROM ismoothing_idl.aux on input line 51.
Package xr Info: IMPORTING LABELS FROM isynfast_idl.aux on input line 51.
Package xr Info: IMPORTING LABELS FROM lm2index_idl.aux on input line 51.
Package xr Info: IMPORTING LABELS FROM median_filter_idl.aux on input line 51.
Package xr Info: IMPORTING LABELS FROM mollcursor_idl.aux on input line 51.
Package xr Info: IMPORTING LABELS FROM mollview_idl.aux on input line 51.
Package xr Info: IMPORTING LABELS FROM neighbours_nest_idl.aux on input line 51
.
Package xr Info: IMPORTING LABELS FROM neighbours_ring_idl.aux on input line 51
.
Package xr Info: IMPORTING LABELS FROM nest2uniq_idl.aux on input line 51.
Package xr Info: IMPORTING LABELS FROM npix2nside_idl.aux on input line 51.
Package xr Info: IMPORTING LABELS FROM nside2npix_idl.aux on input line 51.
Package xr Info: IMPORTING LABELS FROM nside2ntemplates_idl.aux on input line 5
1.
Package xr Info: IMPORTING LABELS FROM orthcursor_idl.aux on input line 51.
Package xr Info: IMPORTING LABELS FROM orthview_idl.aux on input line 51.
Package xr Info: IMPORTING LABELS FROM pix_tools_idl.aux on input line 51.
Package xr Info: IMPORTING LABELS FROM planck_colors_idl.aux on input line 51.
Package xr Info: IMPORTING LABELS FROM query_disc_idl.aux on input line 51.
Package xr Info: IMPORTING LABELS FROM query_polygon_idl.aux on input line 51.
Package xr Info: IMPORTING LABELS FROM query_strip_idl.aux on input line 51.
Package xr Info: IMPORTING LABELS FROM query_triangle_idl.aux on input line 51.

Package xr Info: IMPORTING LABELS FROM read_fits_cut4_idl.aux on input line 51.

Package xr Info: IMPORTING LABELS FROM read_fits_map_idl.aux on input line 51.
Package xr Info: IMPORTING LABELS FROM read_fits_s_idl.aux on input line 51.
Package xr Info: IMPORTING LABELS FROM read_tqu_idl.aux on input line 51.
Package xr Info: IMPORTING LABELS FROM remove_dipole_idl.aux on input line 51.
Package xr Info: IMPORTING LABELS FROM reorder_idl.aux on input line 51.
Package xr Info: IMPORTING LABELS FROM rotate_coord_idl.aux on input line 51.
Package xr Info: IMPORTING LABELS FROM same_shape_pixels_xxx_idl.aux on input l
ine 51.
Package xr Info: IMPORTING LABELS FROM template_pixel_xxx_idl.aux on input line
 51.
Package xr Info: IMPORTING LABELS FROM ud_grade_idl.aux on input line 51.
Package xr Info: IMPORTING LABELS FROM uniq2nest_idl.aux on input line 51.
Package xr Info: IMPORTING LABELS FROM vec2ang_idl.aux on input line 51.
Package xr Info: IMPORTING LABELS FROM write_fits_cut4_idl.aux on input line 51
.
Package xr Info: IMPORTING LABELS FROM write_fits_map_idl.aux on input line 51.

Package xr Info: IMPORTING LABELS FROM write_fits_sb_idl.aux on input line 51.
Package xr Info: IMPORTING LABELS FROM write_tqu_idl.aux on input line 51.
Package xr Info: IMPORTING LABELS FROM subroutines.aux on input line 52.
Package xr Info: IMPORTING LABELS FROM add_card.aux on input line 52.
Package xr Info: IMPORTING LABELS FROM add_dipole.aux on input line 52.
Package xr Info: IMPORTING LABELS FROM alm2cl.aux on input line 52.
Package xr Info: IMPORTING LABELS FROM alm2map.aux on input line 52.
Package xr Info: IMPORTING LABELS FROM alm2map_der.aux on input line 52.
Package xr Info: IMPORTING LABELS FROM alm2map_spin.aux on input line 52.
Package xr Info: IMPORTING LABELS FROM alms2fits.aux on input line 52.
Package xr Info: IMPORTING LABELS FROM alter_alm.aux on input line 52.
Package xr Info: IMPORTING LABELS FROM ang2vec.aux on input line 52.
Package xr Info: IMPORTING LABELS FROM angdist.aux on input line 52.
Package xr Info: IMPORTING LABELS FROM assert.aux on input line 52.
Package xr Info: IMPORTING LABELS FROM brag_openmp.aux on input line 52.
Package xr Info: IMPORTING LABELS FROM complex_fft.aux on input line 52.
Package xr Info: IMPORTING LABELS FROM compute_statistics.aux on input line 52.

Package xr Info: IMPORTING LABELS FROM concatnl.aux on input line 52.
Package xr Info: IMPORTING LABELS FROM convert_inplace.aux on input line 52.
Package xr Info: IMPORTING LABELS FROM convert_nest2ring.aux on input line 52.
Package xr Info: IMPORTING LABELS FROM convert_ring2nest.aux on input line 52.
Package xr Info: IMPORTING LABELS FROM coordsys2euler_zyz.aux on input line 52.

Package xr Info: IMPORTING LABELS FROM create_alm.aux on input line 52.
Package xr Info: IMPORTING LABELS FROM del_card.aux on input line 52.
Package xr Info: IMPORTING LABELS FROM dist2holes_nest.aux on input line 52.
Package xr Info: IMPORTING LABELS FROM dump_alms.aux on input line 52.
Package xr Info: IMPORTING LABELS FROM fill_holes_nest.aux on input line 52.
Package xr Info: IMPORTING LABELS FROM fits2alms.aux on input line 52.
Package xr Info: IMPORTING LABELS FROM fits2cl.aux on input line 52.
Package xr Info: IMPORTING LABELS FROM gaussbeam.aux on input line 52.
Package xr Info: IMPORTING LABELS FROM generate_beam.aux on input line 52.
Package xr Info: IMPORTING LABELS FROM get_card.aux on input line 52.
Package xr Info: IMPORTING LABELS FROM get_healpix_xxx_dir.aux on input line 52
.
Package xr Info: IMPORTING LABELS FROM getargument.aux on input line 52.
Package xr Info: IMPORTING LABELS FROM getenvironment.aux on input line 52.
Package xr Info: IMPORTING LABELS FROM getdisc_ring.aux on input line 52.
Package xr Info: IMPORTING LABELS FROM getnumext_fits.aux on input line 52.
Package xr Info: IMPORTING LABELS FROM getsize_fits.aux on input line 52.
Package xr Info: IMPORTING LABELS FROM healpix_modules.aux on input line 52.
Package xr Info: IMPORTING LABELS FROM healpix_types.aux on input line 52.
Package xr Info: IMPORTING LABELS FROM in_ring.aux on input line 52.
Package xr Info: IMPORTING LABELS FROM input_map.aux on input line 52.
Package xr Info: IMPORTING LABELS FROM input_tod.aux on input line 52.
Package xr Info: IMPORTING LABELS FROM long_intrinsic.aux on input line 52.
Package xr Info: IMPORTING LABELS FROM map2alm.aux on input line 52.
Package xr Info: IMPORTING LABELS FROM map2alm_iterative.aux on input line 52.
Package xr Info: IMPORTING LABELS FROM map2alm_spin.aux on input line 52.
Package xr Info: IMPORTING LABELS FROM maskborder_nest.aux on input line 52.
Package xr Info: IMPORTING LABELS FROM medfiltmap.aux on input line 52.
Package xr Info: IMPORTING LABELS FROM median.aux on input line 52.
Package xr Info: IMPORTING LABELS FROM merge_headers.aux on input line 52.
Package xr Info: IMPORTING LABELS FROM mpi_alm_tools.aux on input line 52.
Package xr Info: IMPORTING LABELS FROM mpi_alm2map.aux on input line 52.
Package xr Info: IMPORTING LABELS FROM mpi_alm2map_simple.aux on input line 52.

Package xr Info: IMPORTING LABELS FROM mpi_alm2map_slave.aux on input line 52.
Package xr Info: IMPORTING LABELS FROM mpi_cleanup_alm_tools.aux on input line 
52.
Package xr Info: IMPORTING LABELS FROM mpi_initialize_alm_tools.aux on input li
ne 52.
Package xr Info: IMPORTING LABELS FROM mpi_map2alm.aux on input line 52.
Package xr Info: IMPORTING LABELS FROM mpi_map2alm_simple.aux on input line 52.

Package xr Info: IMPORTING LABELS FROM mpi_map2alm_slave.aux on input line 52.
Package xr Info: IMPORTING LABELS FROM narguments.aux on input line 52.
Package xr Info: IMPORTING LABELS FROM neighbours_nest.aux on input line 52.
Package xr Info: IMPORTING LABELS FROM nest2uniq.aux on input line 52.
Package xr Info: IMPORTING LABELS FROM npix2nside.aux on input line 52.
Package xr Info: IMPORTING LABELS FROM nside2npix.aux on input line 52.
Package xr Info: IMPORTING LABELS FROM nside2ntemplates.aux on input line 52.
Package xr Info: IMPORTING LABELS FROM number_of_alms.aux on input line 52.
Package xr Info: IMPORTING LABELS FROM output_map.aux on input line 52.
Package xr Info: IMPORTING LABELS FROM parse_xxx.aux on input line 52.
Package xr Info: IMPORTING LABELS FROM pixel_window.aux on input line 52.
Package xr Info: IMPORTING LABELS FROM pix_tools.aux on input line 52.
Package xr Info: IMPORTING LABELS FROM planck_rng.aux on input line 52.
Package xr Info: IMPORTING LABELS FROM plm_gen.aux on input line 52.
Package xr Info: IMPORTING LABELS FROM query_disc.aux on input line 52.
Package xr Info: IMPORTING LABELS FROM query_polygon.aux on input line 52.
Package xr Info: IMPORTING LABELS FROM query_strip.aux on input line 52.
Package xr Info: IMPORTING LABELS FROM query_triangle.aux on input line 52.
Package xr Info: IMPORTING LABELS FROM rand_gauss.aux on input line 52.
Package xr Info: IMPORTING LABELS FROM rand_init.aux on input line 52.
Package xr Info: IMPORTING LABELS FROM rand_uni.aux on input line 52.
Package xr Info: IMPORTING LABELS FROM read_asctab.aux on input line 52.
Package xr Info: IMPORTING LABELS FROM read_bintab.aux on input line 52.
Package xr Info: IMPORTING LABELS FROM read_conbintab.aux on input line 52.
Package xr Info: IMPORTING LABELS FROM read_dbintab.aux on input line 52.
Package xr Info: IMPORTING LABELS FROM read_fits_cut4.aux on input line 52.
Package xr Info: IMPORTING LABELS FROM read_par.aux on input line 52.
Package xr Info: IMPORTING LABELS FROM real_fft.aux on input line 52.
Package xr Info: IMPORTING LABELS FROM remove_dipole.aux on input line 52.
Package xr Info: IMPORTING LABELS FROM ring_analysis.aux on input line 52.
Package xr Info: IMPORTING LABELS FROM ring_num.aux on input line 52.
Package xr Info: IMPORTING LABELS FROM ring_synthesis.aux on input line 52.
Package xr Info: IMPORTING LABELS FROM rotate_alm.aux on input line 52.
Package xr Info: IMPORTING LABELS FROM same_shape_pixels_xxx.aux on input line 
52.
Package xr Info: IMPORTING LABELS FROM scan_directories.aux on input line 52.
Package xr Info: IMPORTING LABELS FROM size_holes_nest.aux on input line 52.
Package xr Info: IMPORTING LABELS FROM string.aux on input line 52.
Package xr Info: IMPORTING LABELS FROM surface_triangle.aux on input line 52.
Package xr Info: IMPORTING LABELS FROM template_pixel_xxx.aux on input line 52.

Package xr Info: IMPORTING LABELS FROM udgrade_nest.aux on input line 52.
Package xr Info: IMPORTING LABELS FROM udgrade_ring.aux on input line 52.
Package xr Info: IMPORTING LABELS FROM uniq2nest.aux on input line 52.
Package xr Info: IMPORTING LABELS FROM vec2ang.aux on input line 52.
Package xr Info: IMPORTING LABELS FROM vect_prod.aux on input line 52.
Package xr Info: IMPORTING LABELS FROM write_asctab.aux on input line 52.
Package xr Info: IMPORTING LABELS FROM write_bintab.aux on input line 52.
Package xr Info: IMPORTING LABELS FROM write_bintabh.aux on input line 52.
Package xr Info: IMPORTING LABELS FROM write_dbintab.aux on input line 52.
Package xr Info: IMPORTING LABELS FROM write_fits_cut4.aux on input line 52.
Package xr Info: IMPORTING LABELS FROM write_minimal_header.aux on input line 5
2.
Package xr Info: IMPORTING LABELS FROM write_plm.aux on input line 52.
Package xr Info: IMPORTING LABELS FROM xcc_v_convert.aux on input line 52.
(/sw2/share/texmf-dist/tex/latex/graphics/color.sty
Package: color 1999/02/16 v1.0i Standard LaTeX Color (DPC)
(/sw2/share/texmf-dist/tex/latex/graphics/color.cfg
File: color.cfg 2005/02/03 v1.3 color configuration of teTeX/TeXLive
)
Package color Info: Driver file: dvips.def on input line 125.
(/sw2/share/texmf-dist/tex/latex/graphics/dvipsnam.def
File: dvipsnam.def 1999/02/16 v3.0i Driver-dependant file (DPC,SPQR)
)) (/sw2/share/texmf-dist/tex/latex/base/inputenc.sty
Package: inputenc 2004/02/05 v1.0d Input encoding file
(/sw2/share/texmf-dist/tex/latex/base/latin1.def
File: latin1.def 2004/02/05 v1.0d Input encoding file
))
\sizebox=\box27
\lthtmlwrite=\write5
(./facilitiesimages.aux (/tmp/Healpix_3.31/doc/TeX/alteralm_fac.aux

LaTeX Warning: Label `eq:alteralm' multiply defined.

) (/tmp/Healpix_3.31/doc/TeX/anafast_fac.aux) (/tmp/Healpix_3.31/doc/TeX/hotspo
t_fac.aux) (/tmp/Healpix_3.31/doc/TeX/map2gif_fac.aux) (/tmp/Healpix_3.31/doc/T
eX/median_filter_fac.aux) (/tmp/Healpix_3.31/doc/TeX/plmgen_fac.aux) (/tmp/Heal
pix_3.31/doc/TeX/process_mask_fac.aux) (/tmp/Healpix_3.31/doc/TeX/sky_ng_sim_fa
c.aux) (/tmp/Healpix_3.31/doc/TeX/smoothing_fac.aux) (/tmp/Healpix_3.31/doc/TeX
/synfast_fac.aux) (/tmp/Healpix_3.31/doc/TeX/ud_grade_fac.aux) (/tmp/Healpix_3.
31/doc/TeX/fac_appendix.aux))
\openout1 = `facilitiesimages.aux'.

LaTeX Font Info:    Checking defaults for OML/cmm/m/it on input line 219.
LaTeX Font Info:    ... okay on input line 219.
LaTeX Font Info:    Checking defaults for T1/cmr/m/n on input line 219.
LaTeX Font Info:    ... okay on input line 219.
LaTeX Font Info:    Checking defaults for OT1/cmr/m/n on input line 219.
LaTeX Font Info:    ... okay on input line 219.
LaTeX Font Info:    Checking defaults for OMS/cmsy/m/n on input line 219.
LaTeX Font Info:    ... okay on input line 219.
LaTeX Font Info:    Checking defaults for OMX/cmex/m/n on input line 219.
LaTeX Font Info:    ... okay on input line 219.
LaTeX Font Info:    Checking defaults for U/cmr/m/n on input line 219.
LaTeX Font Info:    ... okay on input line 219.
LaTeX Font Info:    Checking defaults for PD1/pdf/m/n on input line 219.
LaTeX Font Info:    ... okay on input line 219.
Package hyperref Info: Link coloring ON on input line 219.
(/sw2/share/texmf-dist/tex/latex/hyperref_bk/nameref.sty
Package: nameref 2003/12/03 v2.21 Cross-referencing by name of section
\c@section@level=\count104
)
LaTeX Info: Redefining \ref on input line 219.
LaTeX Info: Redefining \pageref on input line 219.
\openout3 = `facilitiesimages.out'.

(/tmp/Healpix_3.31/doc/TeX/facilities.aux

LaTeX Warning: Label `fac:facilities' multiply defined.


LaTeX Warning: Label `section:defdir' multiply defined.


LaTeX Warning: Label `page:defdir' multiply defined.


LaTeX Warning: Label `page:ioprec' multiply defined.

(/tmp/Healpix_3.31/doc/TeX/alteralm_fac.aux

LaTeX Warning: Label `fac:alteralm' multiply defined.


LaTeX Warning: Label `eq:alteralm' multiply defined.


LaTeX Warning: Label `fac:alteralm:infile_alms' multiply defined.


LaTeX Warning: Label `fac:alteralm:outfile_alms' multiply defined.


LaTeX Warning: Label `fac:alteralm:fwhm_arcmin_in' multiply defined.


LaTeX Warning: Label `fac:alteralm:beam_file_in' multiply defined.


LaTeX Warning: Label `fac:alteralm:nlmax_out' multiply defined.


LaTeX Warning: Label `fac:alteralm:nsmax_in' multiply defined.


LaTeX Warning: Label `fac:alteralm:nsmax_out' multiply defined.


LaTeX Warning: Label `fac:alteralm:fwhm_arcmin_out' multiply defined.


LaTeX Warning: Label `fac:alteralm:coord_in' multiply defined.


LaTeX Warning: Label `fac:alteralm:epoch_in' multiply defined.


LaTeX Warning: Label `fac:alteralm:coord_out' multiply defined.


LaTeX Warning: Label `fac:alteralm:epoch_out' multiply defined.


LaTeX Warning: Label `fac:alteralm:windowfile_in' multiply defined.


LaTeX Warning: Label `fac:alteralm:winfiledir_in' multiply defined.


LaTeX Warning: Label `fac:alteralm:windowfile_out' multiply defined.


LaTeX Warning: Label `fac:alteralm:winfiledir_out' multiply defined.

) (/tmp/Healpix_3.31/doc/TeX/anafast_fac.aux

LaTeX Warning: Label `fac:anafast' multiply defined.


LaTeX Warning: Label `fac:anafast:infile' multiply defined.


LaTeX Warning: Label `fac:anafast:infile2' multiply defined.


LaTeX Warning: Label `fac:anafast:outfile' multiply defined.


LaTeX Warning: Label `fac:anafast:simul_type' multiply defined.


LaTeX Warning: Label `fac:anafast:nlmax' multiply defined.


LaTeX Warning: Label `fac:anafast:maskfile' multiply defined.


LaTeX Warning: Label `fac:anafast:theta_cut_deg' multiply defined.


LaTeX Warning: Label `fac:anafast:iter_order' multiply defined.


LaTeX Warning: Label `fac:anafast:outfile_alms' multiply defined.


LaTeX Warning: Label `fac:anafast:outfile_alms2' multiply defined.


LaTeX Warning: Label `fac:anafast:plmfile' multiply defined.


LaTeX Warning: Label `fac:anafast:w8file' multiply defined.


LaTeX Warning: Label `fac:anafast:w8filedir' multiply defined.


LaTeX Warning: Label `fac:anafast:won' multiply defined.


LaTeX Warning: Label `fac:anafast:regression' multiply defined.

) (/tmp/Healpix_3.31/doc/TeX/hotspot_fac.aux

LaTeX Warning: Label `fac:hotspot' multiply defined.


LaTeX Warning: Label `fac:hotspot:infile' multiply defined.


LaTeX Warning: Label `fac:hotspot:extrema_outfile' multiply defined.


LaTeX Warning: Label `fac:hotspot:maxima_outfile' multiply defined.


LaTeX Warning: Label `fac:hotspot:minima_outfile' multiply defined.

) (/tmp/Healpix_3.31/doc/TeX/map2gif_fac.aux

LaTeX Warning: Label `fac:map2gif' multiply defined.

) (/tmp/Healpix_3.31/doc/TeX/median_filter_fac.aux

LaTeX Warning: Label `fac:median_filter' multiply defined.


LaTeX Warning: Label `fac:median_filter:simul_type' multiply defined.


LaTeX Warning: Label `fac:median_filter:infile' multiply defined.


LaTeX Warning: Label `fac:median_filter:mf_radius_arcmin' multiply defined.


LaTeX Warning: Label `fac:median_filter:fill_holes' multiply defined.


LaTeX Warning: Label `fac:median_filter:mffile' multiply defined.

) (/tmp/Healpix_3.31/doc/TeX/plmgen_fac.aux

LaTeX Warning: Label `fac:plmgen' multiply defined.


LaTeX Warning: Label `fac:plmgen:nsmax' multiply defined.


LaTeX Warning: Label `fac:plmgen:nlmax' multiply defined.


LaTeX Warning: Label `fac:plmgen:simul_type' multiply defined.


LaTeX Warning: Label `fac:plmgen:outfile' multiply defined.

) (/tmp/Healpix_3.31/doc/TeX/process_mask_fac.aux

LaTeX Warning: Label `fac:process_mask' multiply defined.


LaTeX Warning: Label `fac:process_mask:mask_file' multiply defined.


LaTeX Warning: Label `fac:process_mask:hole_min_size' multiply defined.


LaTeX Warning: Label `fac:process_mask:distance_file' multiply defined.

) (/tmp/Healpix_3.31/doc/TeX/sky_ng_sim_fac.aux

LaTeX Warning: Label `fac:sky_ng_sim' multiply defined.


LaTeX Warning: Label `fac:sky_ng_sim:simul_type' multiply defined.


LaTeX Warning: Label `fac:sky_ng_sim:infile' multiply defined.


LaTeX Warning: Label `fac:sky_ng_sim:outfile_alms' multiply defined.


LaTeX Warning: Label `fac:sky_ng_sim:outfile' multiply defined.


LaTeX Warning: Label `fac:sky_ng_sim:nsmax' multiply defined.


LaTeX Warning: Label `fac:sky_ng_sim:nlmax' multiply defined.


LaTeX Warning: Label `fac:sky_ng_sim:fwhm_arcmin' multiply defined.


LaTeX Warning: Label `fac:sky_ng_sim:beam_file' multiply defined.


LaTeX Warning: Label `fac:sky_ng_sim:windowfile' multiply defined.


LaTeX Warning: Label `fac:sky_ng_sim:iseed' multiply defined.


LaTeX Warning: Label `fac:sky_ng_sim:plot' multiply defined.


LaTeX Warning: Label `fac:sky_ng_sim:pdf_choice' multiply defined.


LaTeX Warning: Label `fac:sky_ng_sim:sigma0' multiply defined.


LaTeX Warning: Label `fac:sky_ng_sim:na' multiply defined.


LaTeX Warning: Label `fac:sky_ng_sim:alpha_1' multiply defined.


LaTeX Warning: Label `fac:sky_ng_sim:alpha_2' multiply defined.


LaTeX Warning: Label `fac:sky_ng_sim:alpha_3' multiply defined.


LaTeX Warning: Label `fac:sky_ng_sim:npower' multiply defined.


LaTeX Warning: Label `eq:nongauss_sho' multiply defined.


LaTeX Warning: Label `eq:nongauss_powgauss' multiply defined.

) (/tmp/Healpix_3.31/doc/TeX/smoothing_fac.aux

LaTeX Warning: Label `fac:smoothing' multiply defined.


LaTeX Warning: Label `fac:smoothing:simul_type' multiply defined.


LaTeX Warning: Label `fac:smoothing:infile' multiply defined.


LaTeX Warning: Label `fac:smoothing:nlmax' multiply defined.


LaTeX Warning: Label `fac:smoothing:iter_order' multiply defined.


LaTeX Warning: Label `fac:smoothing:fwhm_arcmin' multiply defined.


LaTeX Warning: Label `fac:smoothing:outfile' multiply defined.


LaTeX Warning: Label `fac:smoothing:w8file' multiply defined.


LaTeX Warning: Label `fac:smoothing:w8filedir' multiply defined.


LaTeX Warning: Label `fac:smoothing:won' multiply defined.

) (/tmp/Healpix_3.31/doc/TeX/synfast_fac.aux

LaTeX Warning: Label `fac:synfast' multiply defined.


LaTeX Warning: Label `fac:synfast:infile' multiply defined.


LaTeX Warning: Label `fac:synfast:outfile' multiply defined.


LaTeX Warning: Label `fac:synfast:outfile_alms' multiply defined.


LaTeX Warning: Label `fac:synfast:simul_type' multiply defined.


LaTeX Warning: Label `fac:synfast:nsmax' multiply defined.


LaTeX Warning: Label `fac:synfast:nlmax' multiply defined.


LaTeX Warning: Label `fac:synfast:iseed' multiply defined.


LaTeX Warning: Label `fac:synfast:fwhm_arcmin' multiply defined.


LaTeX Warning: Label `fac:synfast:beam_file' multiply defined.


LaTeX Warning: Label `fac:synfast:almsfile' multiply defined.


LaTeX Warning: Label `fac:synfast:apply_windows' multiply defined.


LaTeX Warning: Label `fac:synfast:plmfile' multiply defined.


LaTeX Warning: Label `fac:synfast:windowfile' multiply defined.


LaTeX Warning: Label `fac:synfast:winfiledir' multiply defined.


LaTeX Warning: Label `fac:synfast:note1' multiply defined.

) (/tmp/Healpix_3.31/doc/TeX/ud_grade_fac.aux

LaTeX Warning: Label `fac:ud_grade' multiply defined.


LaTeX Warning: Label `fac:ud_grade:nside_out' multiply defined.


LaTeX Warning: Label `fac:ud_grade:infile' multiply defined.


LaTeX Warning: Label `fac:ud_grade:outfile' multiply defined.

) (/tmp/Healpix_3.31/doc/TeX/fac_appendix.aux

LaTeX Warning: Label `fac:appendix' multiply defined.


LaTeX Warning: Label `fac:sec:bug_synder' multiply defined.


LaTeX Warning: Label `fig:bug_derQU' multiply defined.

)) (/tmp/Healpix_3.31/doc/TeX/alteralm_fac.aux

LaTeX Warning: Label `fac:alteralm' multiply defined.


LaTeX Warning: Label `eq:alteralm' multiply defined.


LaTeX Warning: Label `fac:alteralm:infile_alms' multiply defined.


LaTeX Warning: Label `fac:alteralm:outfile_alms' multiply defined.


LaTeX Warning: Label `fac:alteralm:fwhm_arcmin_in' multiply defined.


LaTeX Warning: Label `fac:alteralm:beam_file_in' multiply defined.


LaTeX Warning: Label `fac:alteralm:nlmax_out' multiply defined.


LaTeX Warning: Label `fac:alteralm:nsmax_in' multiply defined.


LaTeX Warning: Label `fac:alteralm:nsmax_out' multiply defined.


LaTeX Warning: Label `fac:alteralm:fwhm_arcmin_out' multiply defined.


LaTeX Warning: Label `fac:alteralm:coord_in' multiply defined.


LaTeX Warning: Label `fac:alteralm:epoch_in' multiply defined.


LaTeX Warning: Label `fac:alteralm:coord_out' multiply defined.


LaTeX Warning: Label `fac:alteralm:epoch_out' multiply defined.


LaTeX Warning: Label `fac:alteralm:windowfile_in' multiply defined.


LaTeX Warning: Label `fac:alteralm:winfiledir_in' multiply defined.


LaTeX Warning: Label `fac:alteralm:windowfile_out' multiply defined.


LaTeX Warning: Label `fac:alteralm:winfiledir_out' multiply defined.

) (/tmp/Healpix_3.31/doc/TeX/anafast_fac.aux

LaTeX Warning: Label `fac:anafast' multiply defined.


LaTeX Warning: Label `fac:anafast:infile' multiply defined.


LaTeX Warning: Label `fac:anafast:infile2' multiply defined.


LaTeX Warning: Label `fac:anafast:outfile' multiply defined.


LaTeX Warning: Label `fac:anafast:simul_type' multiply defined.


LaTeX Warning: Label `fac:anafast:nlmax' multiply defined.


LaTeX Warning: Label `fac:anafast:maskfile' multiply defined.


LaTeX Warning: Label `fac:anafast:theta_cut_deg' multiply defined.


LaTeX Warning: Label `fac:anafast:iter_order' multiply defined.


LaTeX Warning: Label `fac:anafast:outfile_alms' multiply defined.


LaTeX Warning: Label `fac:anafast:outfile_alms2' multiply defined.


LaTeX Warning: Label `fac:anafast:plmfile' multiply defined.


LaTeX Warning: Label `fac:anafast:w8file' multiply defined.


LaTeX Warning: Label `fac:anafast:w8filedir' multiply defined.


LaTeX Warning: Label `fac:anafast:won' multiply defined.


LaTeX Warning: Label `fac:anafast:regression' multiply defined.

) (/tmp/Healpix_3.31/doc/TeX/hotspot_fac.aux

LaTeX Warning: Label `fac:hotspot' multiply defined.


LaTeX Warning: Label `fac:hotspot:infile' multiply defined.


LaTeX Warning: Label `fac:hotspot:extrema_outfile' multiply defined.


LaTeX Warning: Label `fac:hotspot:maxima_outfile' multiply defined.


LaTeX Warning: Label `fac:hotspot:minima_outfile' multiply defined.

) (/tmp/Healpix_3.31/doc/TeX/map2gif_fac.aux

LaTeX Warning: Label `fac:map2gif' multiply defined.

) (/tmp/Healpix_3.31/doc/TeX/median_filter_fac.aux

LaTeX Warning: Label `fac:median_filter' multiply defined.


LaTeX Warning: Label `fac:median_filter:simul_type' multiply defined.


LaTeX Warning: Label `fac:median_filter:infile' multiply defined.


LaTeX Warning: Label `fac:median_filter:mf_radius_arcmin' multiply defined.


LaTeX Warning: Label `fac:median_filter:fill_holes' multiply defined.


LaTeX Warning: Label `fac:median_filter:mffile' multiply defined.

) (/tmp/Healpix_3.31/doc/TeX/plmgen_fac.aux

LaTeX Warning: Label `fac:plmgen' multiply defined.


LaTeX Warning: Label `fac:plmgen:nsmax' multiply defined.


LaTeX Warning: Label `fac:plmgen:nlmax' multiply defined.


LaTeX Warning: Label `fac:plmgen:simul_type' multiply defined.


LaTeX Warning: Label `fac:plmgen:outfile' multiply defined.

) (/tmp/Healpix_3.31/doc/TeX/process_mask_fac.aux

LaTeX Warning: Label `fac:process_mask' multiply defined.


LaTeX Warning: Label `fac:process_mask:mask_file' multiply defined.


LaTeX Warning: Label `fac:process_mask:hole_min_size' multiply defined.


LaTeX Warning: Label `fac:process_mask:distance_file' multiply defined.

) (/tmp/Healpix_3.31/doc/TeX/sky_ng_sim_fac.aux

LaTeX Warning: Label `fac:sky_ng_sim' multiply defined.


LaTeX Warning: Label `fac:sky_ng_sim:simul_type' multiply defined.


LaTeX Warning: Label `fac:sky_ng_sim:infile' multiply defined.


LaTeX Warning: Label `fac:sky_ng_sim:outfile_alms' multiply defined.


LaTeX Warning: Label `fac:sky_ng_sim:outfile' multiply defined.


LaTeX Warning: Label `fac:sky_ng_sim:nsmax' multiply defined.


LaTeX Warning: Label `fac:sky_ng_sim:nlmax' multiply defined.


LaTeX Warning: Label `fac:sky_ng_sim:fwhm_arcmin' multiply defined.


LaTeX Warning: Label `fac:sky_ng_sim:beam_file' multiply defined.


LaTeX Warning: Label `fac:sky_ng_sim:windowfile' multiply defined.


LaTeX Warning: Label `fac:sky_ng_sim:iseed' multiply defined.


LaTeX Warning: Label `fac:sky_ng_sim:plot' multiply defined.


LaTeX Warning: Label `fac:sky_ng_sim:pdf_choice' multiply defined.


LaTeX Warning: Label `fac:sky_ng_sim:sigma0' multiply defined.


LaTeX Warning: Label `fac:sky_ng_sim:na' multiply defined.


LaTeX Warning: Label `fac:sky_ng_sim:alpha_1' multiply defined.


LaTeX Warning: Label `fac:sky_ng_sim:alpha_2' multiply defined.


LaTeX Warning: Label `fac:sky_ng_sim:alpha_3' multiply defined.


LaTeX Warning: Label `fac:sky_ng_sim:npower' multiply defined.


LaTeX Warning: Label `eq:nongauss_sho' multiply defined.


LaTeX Warning: Label `eq:nongauss_powgauss' multiply defined.

) (/tmp/Healpix_3.31/doc/TeX/smoothing_fac.aux

LaTeX Warning: Label `fac:smoothing' multiply defined.


LaTeX Warning: Label `fac:smoothing:simul_type' multiply defined.


LaTeX Warning: Label `fac:smoothing:infile' multiply defined.


LaTeX Warning: Label `fac:smoothing:nlmax' multiply defined.


LaTeX Warning: Label `fac:smoothing:iter_order' multiply defined.


LaTeX Warning: Label `fac:smoothing:fwhm_arcmin' multiply defined.


LaTeX Warning: Label `fac:smoothing:outfile' multiply defined.


LaTeX Warning: Label `fac:smoothing:w8file' multiply defined.


LaTeX Warning: Label `fac:smoothing:w8filedir' multiply defined.


LaTeX Warning: Label `fac:smoothing:won' multiply defined.

) (/tmp/Healpix_3.31/doc/TeX/synfast_fac.aux

LaTeX Warning: Label `fac:synfast' multiply defined.


LaTeX Warning: Label `fac:synfast:infile' multiply defined.


LaTeX Warning: Label `fac:synfast:outfile' multiply defined.


LaTeX Warning: Label `fac:synfast:outfile_alms' multiply defined.


LaTeX Warning: Label `fac:synfast:simul_type' multiply defined.


LaTeX Warning: Label `fac:synfast:nsmax' multiply defined.


LaTeX Warning: Label `fac:synfast:nlmax' multiply defined.


LaTeX Warning: Label `fac:synfast:iseed' multiply defined.


LaTeX Warning: Label `fac:synfast:fwhm_arcmin' multiply defined.


LaTeX Warning: Label `fac:synfast:beam_file' multiply defined.


LaTeX Warning: Label `fac:synfast:almsfile' multiply defined.


LaTeX Warning: Label `fac:synfast:apply_windows' multiply defined.


LaTeX Warning: Label `fac:synfast:plmfile' multiply defined.


LaTeX Warning: Label `fac:synfast:windowfile' multiply defined.


LaTeX Warning: Label `fac:synfast:winfiledir' multiply defined.


LaTeX Warning: Label `fac:synfast:note1' multiply defined.

) (/tmp/Healpix_3.31/doc/TeX/ud_grade_fac.aux

LaTeX Warning: Label `fac:ud_grade' multiply defined.


LaTeX Warning: Label `fac:ud_grade:nside_out' multiply defined.


LaTeX Warning: Label `fac:ud_grade:infile' multiply defined.


LaTeX Warning: Label `fac:ud_grade:outfile' multiply defined.

) (/tmp/Healpix_3.31/doc/TeX/fac_appendix.aux

LaTeX Warning: Label `fac:appendix' multiply defined.


LaTeX Warning: Label `fac:sec:bug_synder' multiply defined.


LaTeX Warning: Label `fig:bug_derQU' multiply defined.

)

latex2htmlLength hsize=349.0pt

latex2htmlLength vsize=688.0pt

latex2htmlLength hoffset=0.0pt

latex2htmlLength voffset=0.0pt

latex2htmlLength topmargin=0.0pt

latex2htmlLength topskip=0.00003pt

latex2htmlLength headheight=0.0pt

latex2htmlLength headsep=0.0pt

latex2htmlLength parskip=3.875pt plus 1.03331pt minus 0.5167pt

latex2htmlLength oddsidemargin=0.0pt

latex2htmlLength evensidemargin=0.0pt

LaTeX Font Info:    External font `cmex10' loaded for size
(Font)              <12> on input line 256.
LaTeX Font Info:    External font `cmex10' loaded for size
(Font)              <8> on input line 256.
LaTeX Font Info:    External font `cmex10' loaded for size
(Font)              <6> on input line 256.
l2hSize :tex2html_wrap_inline369:8.7pt::8.7pt::64.0157pt.
[1



]
l2hSize :tex2html_wrap_inline371:9.5pt::9.5pt::35.69131pt.
[2


]
l2hSize :tex2html_wrap_inline373:10.01027pt::10.01027pt::87.6179pt.
[3


]
l2hSize :tex2html_wrap_inline375:10.01027pt::10.01027pt::45.19144pt.
[4


]
l2hSize :displaymath594:30.17087pt::0.0pt::349.0pt.
[5


]
l2hSize :tex2html_wrap_inline939:8.7pt::8.7pt::24.71059pt.
[6


]
l2hSize :tex2html_wrap_inline1412:12.63332pt::12.63332pt::43.52565pt.
[7


]
l2hSize :tex2html_wrap_inline1436:8.33331pt::0.0pt::6.38954pt.
[8


]
l2hSize :tex2html_wrap_inline1438:8.83331pt::8.83331pt::7.5416pt.
[9


]
l2hSize :tex2html_wrap_inline1440:7.75pt::0.0pt::6.58754pt.
[10


]
l2hSize :tex2html_wrap_inline1452:8.83331pt::8.83331pt::87.6184pt.
[11


]
l2hSize :tex2html_wrap_inline1456:8.83331pt::8.83331pt::70.36946pt.
[12


]
l2hSize :tex2html_wrap_inline1460:8.83331pt::8.83331pt::107.96538pt.
[13


]
l2hSize :tex2html_wrap_inline1464:8.83331pt::8.83331pt::58.72932pt.
[14


]
l2hSize :tex2html_wrap_inline1466:8.25pt::8.25pt::36.15102pt.
[15


]
l2hSize :tex2html_wrap_inline1472:8.83331pt::8.83331pt::173.98344pt.
[16


]
l2hSize :tex2html_wrap_inline1476:8.83331pt::8.83331pt::90.91101pt.
[17


]
l2hSize :tex2html_wrap_inline1496:8.0075pt::0.0pt::11.21252pt.
[18


]
l2hSize :tex2html_wrap_inline1546:9.5pt::9.5pt::33.75247pt.
[19


]
l2hSize :tex2html_wrap_inline1788:8.7pt::8.7pt::47.51268pt.
[20


]
l2hSize :tex2html_wrap_inline1921:9.5pt::9.5pt::6.58754pt.
[21


]
l2hSize :tex2html_wrap_inline1925:8.25pt::8.25pt::9.92088pt.
[22


]
l2hSize :tex2html_wrap_inline1927:8.25pt::8.25pt::7.6569pt.
[23


]
l2hSize :tex2html_wrap_inline2104:8.83331pt::8.83331pt::24.0077pt.
[24


]
l2hSize :tex2html_wrap_inline2106:8.83331pt::8.83331pt::18.13277pt.
[25


]
l2hSize :tex2html_wrap_inline2322:8.7pt::8.7pt::35.51756pt.
[26


]
l2hSize :tex2html_wrap_inline2324:9.5pt::9.5pt::182.85686pt.
[27


]
l2hSize :tex2html_wrap_inline2328:10.01027pt::10.01027pt::120.69006pt.
[28


]
l2hSize :tex2html_wrap_inline2330:8.25pt::8.25pt::36.75392pt.
[29


]
l2hSize :tex2html_wrap_inline2346:7.75pt::0.0pt::14.37903pt.
[30


]
l2hSize :tex2html_wrap_inline2517:10.68889pt::10.68889pt::88.66331pt.
[31


]
l2hSize :tex2html_wrap_inline2527:8.7pt::8.7pt::58.14076pt.
[32


]
l2hSize :tex2html_wrap_inline2529:8.7pt::8.7pt::64.0157pt.
[33


]
l2hSize :tex2html_wrap_inline2926:12.63332pt::12.63332pt::63.34529pt.
[34


]
l2hSize :tex2html_wrap_inline2934:7.75pt::0.0pt::9.7958pt.
[35


]
l2hSize :tex2html_wrap_inline2936:7.75pt::0.0pt::8.13745pt.
[36


]
l2hSize :tex2html_wrap_inline2938:8.25pt::8.25pt::19.1291pt.
[37


]
l2hSize :tex2html_wrap_inline2940:8.25pt::8.25pt::11.455pt.
[38


]
l2hSize :tex2html_wrap_inline2944:9.5pt::9.5pt::30.604pt.
[39


]
l2hSize :displaymath2675:33.94446pt::0.0pt::349.0pt.
[40


]
l2hSize :tex2html_wrap_inline2952:10.01027pt::10.01027pt::12.44655pt.
[41


]
l2hSize :tex2html_wrap_inline2954:11.48889pt::11.48889pt::29.65695pt.
[42


]
l2hSize :tex2html_wrap_inline2958:8.36708pt::8.36708pt::26.4708pt.
[43


]
l2hSize :tex2html_wrap_inline2960:12.8436pt::12.8436pt::112.04425pt.
[44


]
l2hSize :displaymath2691:17.85555pt::0.0pt::349.0pt.
[45


]
l2hSize :tex2html_wrap_inline2972:10.01027pt::10.01027pt::88.06456pt.
[46


]
l2hSize :tex2html_wrap_inline2986:8.7pt::8.7pt::58.14076pt.
[47


]
l2hSize :tex2html_wrap_inline2988:8.25pt::8.25pt::33.69629pt.
[48


]
l2hSize :tex2html_wrap_inline2990:9.5pt::9.5pt::73.69041pt.
[49


]
l2hSize :tex2html_wrap_inline2992:7.75pt::0.0pt::22.26782pt.
[50


]
l2hSize :tex2html_wrap_inline2994:7.75pt::0.0pt::0.58752pt.
[51


]
l2hSize :tex2html_wrap_inline3769:9.5pt::9.5pt::114.05844pt.
[52


]
l2hSize :tex2html_wrap_inline3771:10.01027pt::10.01027pt::142.86053pt.
[53


]
l2hSize :tex2html_wrap_inline3773:12.50008pt::12.50008pt::87.17168pt.
[54


]
l2hSize :tex2html_wrap_inline3781:9.5pt::9.5pt::212.95676pt.
[55


]
l2hSize :tex2html_wrap_inline3783:10.01027pt::10.01027pt::184.97113pt.
[56


]
l2hSize :tex2html_wrap_inline3785:12.50008pt::12.50008pt::102.96315pt.
[57


]
l2hSize :tex2html_wrap_inline3815:10.93335pt::10.93335pt::51.58215pt.
[58


]
l2hSize :tex2html_wrap_inline3817:10.93335pt::10.93335pt::52.13075pt.
[59


]
l2hSize :tex2html_wrap_inline3831:8.7pt::8.7pt::52.26582pt.
[60


]
l2hSize :tex2html_wrap_inline3833:8.25pt::8.25pt::31.60118pt.
[61


]
l2hSize :tex2html_wrap_inline3835:7.75pt::0.0pt::0.58752pt.
[62


]
l2hSize :tex2html_wrap_inline4223:10.01027pt::10.01027pt::95.49977pt.
[63


]
l2hSize :tex2html_wrap_inline4231:9.5pt::9.5pt::78.6176pt.
[64


]
l2hSize :tex2html_wrap_inline4235:8.7pt::8.7pt::64.0157pt.
[65


]
l2hSize :tex2html_wrap_inline4239:9.5pt::9.5pt::58.91759pt.
[66


]
l2hSize :tex2html_wrap_inline4241:10.01027pt::10.01027pt::68.41771pt.
[67


]
l2hSize :tex2html_wrap_inline4243:10.01027pt::10.01027pt::111.58722pt.
[68


]
l2hSize :tex2html_wrap_inline4245:8.2pt::0.0pt::8.743pt.
[69


]
l2hSize :tex2html_wrap_inline4255:8.7pt::8.7pt::40.86615pt.
[70


]
l2hSize :tex2html_wrap_inline4257:8.2pt::0.0pt::19.61263pt.
[71


]
l2hSize :tex2html_wrap_inline4259:12.50008pt::12.50008pt::155.28226pt.
[72


] (./facilitiesimages.aux)

LaTeX Warning: There were multiply-defined labels.

 ) 
Here is how much of TeX's memory you used:
 4771 strings out of 94501
 79622 string characters out of 1175975
 175401 words of memory out of 1500000
 7648 multiletter control sequences out of 10000+50000
 6881 words of font info for 26 fonts, out of 1200000 for 2000
 580 hyphenation exceptions out of 8191
 32i,6n,45p,357b,662s stack positions out of 5000i,500n,6000p,200000b,5000s

Output written on facilitiesimages.dvi (72 pages, 51504 bytes).
