This is pdfTeX, Version 3.14159265-2.6-1.40.19 (TeX Live 2018) (preloaded format=pdflatex 2018.10.17)  22 JUN 2021 16:29
entering extended mode
 restricted \write18 enabled.
 %&-line parsing enabled.
**./intro_images.tex
(./intro_images.tex
LaTeX2e <2018-04-01> patch level 5
Loading CZ hyphenation patterns: Pavel Sevecek, v3, 1995
Loading SK hyphenation patterns: Jana Chlebikova, 1992
(/usr/local/texlive/2018/texmf-dist/tex/latex/base/article.cls
Document Class: article 2014/09/29 v1.4h Standard LaTeX document class
(/usr/local/texlive/2018/texmf-dist/tex/latex/base/size12.clo
File: size12.clo 2014/09/29 v1.4h Standard LaTeX file (size option)
)
\c@part=\count80
\c@section=\count81
\c@subsection=\count82
\c@subsubsection=\count83
\c@paragraph=\count84
\c@subparagraph=\count85
\c@figure=\count86
\c@table=\count87
\abovecaptionskip=\skip41
\belowcaptionskip=\skip42
\bibindent=\dimen102
) (/usr/local/texlive/2018/texmf-dist/tex/latex/base/ifthen.sty
Package: ifthen 2014/09/29 v1.1c Standard LaTeX ifthen package (DPC)
) (/usr/local/texlive/2018/texmf-dist/tex/latex/hyperref/xr-hyper.sty
Package: xr-hyper 2000/03/22 v6.00beta4 eXternal References (DPC)
) (/tmp/Healpix_3.80/doc/TeX/healpix.sty
Package: healpix 
Package: healpix macros (A.J. Banday, M. Bartelmann)
Document format
(/usr/local/texlive/2018/texmf-dist/tex/latex/a4wide/a4wide.sty
Package: a4wide 1994/08/30
(/usr/local/texlive/2018/texmf-dist/tex/latex/ntgclass/a4.sty
Package: a4 2004/04/15 v1.2g A4 based page layout
)) (/usr/local/texlive/2018/texmf-dist/tex/latex/graphics/graphicx.sty
Package: graphicx 2017/06/01 v1.1a Enhanced LaTeX Graphics (DPC,SPQR)
(/usr/local/texlive/2018/texmf-dist/tex/latex/graphics/keyval.sty
Package: keyval 2014/10/28 v1.15 key=value parser (DPC)
\KV@toks@=\toks16
) (/usr/local/texlive/2018/texmf-dist/tex/latex/graphics/graphics.sty
Package: graphics 2017/06/25 v1.2c Standard LaTeX Graphics (DPC,SPQR)
(/usr/local/texlive/2018/texmf-dist/tex/latex/graphics/trig.sty
Package: trig 2016/01/03 v1.10 sin cos tan (DPC)
)
(/usr/local/texlive/2018/texmf-dist/doc/latex/latex-graphics-companion/inputs/g
raphics.cfg)
Package graphics Info: Driver file: dvips.def on input line 99.
(/usr/local/texlive/2018/texmf-dist/tex/latex/graphics-def/dvips.def
File: dvips.def 2017/06/20 v3.1d Graphics/color driver for dvips
))
\Gin@req@height=\dimen103
\Gin@req@width=\dimen104
) (/usr/local/texlive/2018/texmf-dist/tex/latex/fancyhdr/fancyhdr.sty
Package: fancyhdr 2017/06/30 v3.9a Extensive control of page headers and footer
s
\f@nch@headwidth=\skip43
\f@nch@O@elh=\skip44
\f@nch@O@erh=\skip45
\f@nch@O@olh=\skip46
\f@nch@O@orh=\skip47
\f@nch@O@elf=\skip48
\f@nch@O@erf=\skip49
\f@nch@O@olf=\skip50
\f@nch@O@orf=\skip51
) (/tmp/Healpix_3.80/doc/TeX/hpxversion.tex) (/tmp/Healpix_3.80/doc/TeX/idlvers
ion.tex) (/tmp/Healpix_3.80/doc/TeX/gdlversion.tex) (/tmp/Healpix_3.80/doc/TeX/
flversion.tex) (/tmp/Healpix_3.80/doc/TeX/hpyversion.tex) (/tmp/Healpix_3.80/do
c/TeX/healpix_src_url.tex) (/tmp/Healpix_3.80/doc/TeX/hpxwebsites.tex)
\bigicon=\skip52
\smallicon=\skip53
\blocksize=\skip54
\c@creq=\count88
\c@savecreq=\count89
) (/tmp/Healpix_3.80/doc/TeX/html.sty (/usr/local/texlive/2018/texmf-dist/tex/l
atex/hyperref/hyperref.sty
Package: hyperref 2018/02/06 v6.86b Hypertext links for LaTeX
(/usr/local/texlive/2018/texmf-dist/tex/generic/oberdiek/hobsub-hyperref.sty
Package: hobsub-hyperref 2016/05/16 v1.14 Bundle oberdiek, subset hyperref (HO)

(/usr/local/texlive/2018/texmf-dist/tex/generic/oberdiek/hobsub-generic.sty
Package: hobsub-generic 2016/05/16 v1.14 Bundle oberdiek, subset generic (HO)
Package: hobsub 2016/05/16 v1.14 Construct package bundles (HO)
Package: infwarerr 2016/05/16 v1.4 Providing info/warning/error messages (HO)
Package: ltxcmds 2016/05/16 v1.23 LaTeX kernel commands for general use (HO)
Package: ifluatex 2016/05/16 v1.4 Provides the ifluatex switch (HO)
Package ifluatex Info: LuaTeX not detected.
Package: ifvtex 2016/05/16 v1.6 Detect VTeX and its facilities (HO)
Package ifvtex Info: VTeX not detected.
Package: intcalc 2016/05/16 v1.2 Expandable calculations with integers (HO)
Package: ifpdf 2017/03/15 v3.2 Provides the ifpdf switch
Package: etexcmds 2016/05/16 v1.6 Avoid name clashes with e-TeX commands (HO)
Package etexcmds Info: Could not find \expanded.
(etexcmds)             That can mean that you are not using pdfTeX 1.50 or
(etexcmds)             that some package has redefined \expanded.
(etexcmds)             In the latter case, load this package earlier.
Package: kvsetkeys 2016/05/16 v1.17 Key value parser (HO)
Package: kvdefinekeys 2016/05/16 v1.4 Define keys (HO)
Package: pdftexcmds 2018/01/30 v0.27 Utility functions of pdfTeX for LuaTeX (HO
)
Package pdftexcmds Info: LuaTeX not detected.
Package pdftexcmds Info: \pdf@primitive is available.
Package pdftexcmds Info: \pdf@ifprimitive is available.
Package pdftexcmds Info: \pdfdraftmode found.
Package: pdfescape 2016/05/16 v1.14 Implements pdfTeX's escape features (HO)
Package: bigintcalc 2016/05/16 v1.4 Expandable calculations on big integers (HO
)
Package: bitset 2016/05/16 v1.2 Handle bit-vector datatype (HO)
Package: uniquecounter 2016/05/16 v1.3 Provide unlimited unique counter (HO)
)
Package hobsub Info: Skipping package `hobsub' (already loaded).
Package: letltxmacro 2016/05/16 v1.5 Let assignment for LaTeX macros (HO)
Package: hopatch 2016/05/16 v1.3 Wrapper for package hooks (HO)
Package: xcolor-patch 2016/05/16 xcolor patch
Package: atveryend 2016/05/16 v1.9 Hooks at the very end of document (HO)
Package atveryend Info: \enddocument detected (standard20110627).
Package: atbegshi 2016/06/09 v1.18 At begin shipout hook (HO)
Package: refcount 2016/05/16 v3.5 Data extraction from label references (HO)
Package: hycolor 2016/05/16 v1.8 Color options for hyperref/bookmark (HO)
) (/usr/local/texlive/2018/texmf-dist/tex/generic/ifxetex/ifxetex.sty
Package: ifxetex 2010/09/12 v0.6 Provides ifxetex conditional
) (/usr/local/texlive/2018/texmf-dist/tex/latex/oberdiek/auxhook.sty
Package: auxhook 2016/05/16 v1.4 Hooks for auxiliary files (HO)
) (/usr/local/texlive/2018/texmf-dist/tex/latex/oberdiek/kvoptions.sty
Package: kvoptions 2016/05/16 v3.12 Key value format for package options (HO)
)
\@linkdim=\dimen105
\Hy@linkcounter=\count90
\Hy@pagecounter=\count91
(/usr/local/texlive/2018/texmf-dist/tex/latex/hyperref/pd1enc.def
File: pd1enc.def 2018/02/06 v6.86b Hyperref: PDFDocEncoding definition (HO)
Now handling font encoding PD1 ...
... no UTF-8 mapping file for font encoding PD1
)
\Hy@SavedSpaceFactor=\count92
(/usr/local/texlive/2018/texmf-dist/doc/latex/listings-ext/hyperref.cfg
File: hyperref.cfg 2009/08/23 v1.0 hyperref configuration of listings-ext
Package hyperref Info: Option `colorlinks' set `true' on input line 24.
Package hyperref Info: Option `plainpages' set `false' on input line 24.
Package hyperref Info: Option `hyperindex' set `true' on input line 24.
Package hyperref Info: Option `bookmarks' set `true' on input line 24.
Package hyperref Info: Option `bookmarksopen' set `true' on input line 24.
Package hyperref Info: Option `bookmarksnumbered' set `true' on input line 24.

Package hyperref Warning: Token not allowed in a PDF string (PDFDocEncoding):
(hyperref)                removing `subscript' on input line 24.


Package hyperref Warning: Token not allowed in a PDF string (PDFDocEncoding):
(hyperref)                removing `subscript' on input line 24.

)
Package hyperref Info: Hyper figures OFF on input line 4509.
Package hyperref Info: Link nesting OFF on input line 4514.
Package hyperref Info: Hyper index ON on input line 4517.
Package hyperref Info: Plain pages OFF on input line 4524.
Package hyperref Info: Backreferencing ON on input line 4527.
Package hyperref Info: Implicit mode ON; LaTeX internals redefined.
Package hyperref Info: Bookmarks ON on input line 4762.
(/usr/local/texlive/2018/texmf-dist/tex/latex/hyperref/backref.sty
Package: backref 2016/05/21 v1.39 Bibliographical back referencing
(/usr/local/texlive/2018/texmf-dist/tex/latex/oberdiek/rerunfilecheck.sty
Package: rerunfilecheck 2016/05/16 v1.8 Rerun checks for auxiliary files (HO)
Package uniquecounter Info: New unique counter `rerunfilecheck' on input line 2
82.
))
\c@Hy@tempcnt=\count93
(/usr/local/texlive/2018/texmf-dist/tex/latex/url/url.sty
\Urlmuskip=\muskip10
Package: url 2013/09/16  ver 3.4  Verb mode for urls, etc.
)
LaTeX Info: Redefining \url on input line 5115.
\XeTeXLinkMargin=\dimen106
\Fld@menulength=\count94
\Field@Width=\dimen107
\Fld@charsize=\dimen108
Package hyperref Info: Hyper figures OFF on input line 6369.
Package hyperref Info: Link nesting OFF on input line 6374.
Package hyperref Info: Hyper index ON on input line 6377.
Package hyperref Info: backreferencing ON on input line 6382.
Package hyperref Info: Link coloring ON on input line 6387.
Package hyperref Info: Link coloring with OCG OFF on input line 6394.
Package hyperref Info: PDF/A mode OFF on input line 6399.
LaTeX Info: Redefining \ref on input line 6439.
LaTeX Info: Redefining \pageref on input line 6443.
\Hy@abspage=\count95
\c@Item=\count96
\c@Hfootnote=\count97
)
Package hyperref Info: Driver (autodetected): hpdftex.
(/usr/local/texlive/2018/texmf-dist/tex/latex/hyperref/hpdftex.def
File: hpdftex.def 2018/02/06 v6.86b Hyperref driver for pdfTeX
\Fld@listcount=\count98
\c@bookmark@seq@number=\count99
\Hy@SectionHShift=\skip55
)
Package: html 1999/07/19 v1.38 hypertext commands for latex2html (nd, hws, rrm)

\c@lpart=\count100
\c@lchapter=\count101
\c@chapter=\count102
\c@lsection=\count103
\c@lsubsection=\count104
\c@lsubsubsection=\count105
\c@lparagraph=\count106
\c@lsubparagraph=\count107
\c@lsubsubparagraph=\count108
\ptrfile=\write3
) (/usr/local/texlive/2018/texmf-dist/tex/latex/base/makeidx.sty
Package: makeidx 2014/09/29 v1.0m Standard LaTeX package
) (/usr/local/texlive/2018/texmf-dist/tex/latex/graphics/color.sty
Package: color 2016/07/10 v1.1e Standard LaTeX Color (DPC)
(/usr/local/texlive/2018/texmf-dist/tex/latex/graphics-cfg/color.cfg
File: color.cfg 2016/01/02 v1.6 sample color configuration
)
Package color Info: Driver file: pdftex.def on input line 147.
(/usr/local/texlive/2018/texmf-dist/tex/latex/graphics-def/pdftex.def
File: pdftex.def 2018/01/08 v1.0l Graphics/color driver for pdftex
)) (/usr/local/texlive/2018/texmf-dist/tex/latex/natbib/natbib.sty
Package: natbib 2010/09/13 8.31b (PWD, AO)
\bibhang=\skip56
\bibsep=\skip57
LaTeX Info: Redefining \cite on input line 694.
\c@NAT@ctr=\count109
Local config file natbib.cfg used
(/usr/local/texlive/2018/texmf-dist/doc/latex/din1505/natbib.cfg)) (/usr/local/
texlive/2018/texmf-dist/tex/latex/amsmath/amsmath.sty
Package: amsmath 2017/09/02 v2.17a AMS math features
\@mathmargin=\skip58
For additional information on amsmath, use the `?' option.
(/usr/local/texlive/2018/texmf-dist/tex/latex/amsmath/amstext.sty
Package: amstext 2000/06/29 v2.01 AMS text
(/usr/local/texlive/2018/texmf-dist/tex/latex/amsmath/amsgen.sty
File: amsgen.sty 1999/11/30 v2.0 generic functions
\@emptytoks=\toks17
\ex@=\dimen109
)) (/usr/local/texlive/2018/texmf-dist/tex/latex/amsmath/amsbsy.sty
Package: amsbsy 1999/11/29 v1.2d Bold Symbols
\pmbraise@=\dimen110
) (/usr/local/texlive/2018/texmf-dist/tex/latex/amsmath/amsopn.sty
Package: amsopn 2016/03/08 v2.02 operator names
)
\inf@bad=\count110
LaTeX Info: Redefining \frac on input line 213.
\uproot@=\count111
\leftroot@=\count112
LaTeX Info: Redefining \overline on input line 375.
\classnum@=\count113
\DOTSCASE@=\count114
LaTeX Info: Redefining \ldots on input line 472.
LaTeX Info: Redefining \dots on input line 475.
LaTeX Info: Redefining \cdots on input line 596.
\Mathstrutbox@=\box26
\strutbox@=\box27
\big@size=\dimen111
LaTeX Font Info:    Redeclaring font encoding OML on input line 712.
LaTeX Font Info:    Redeclaring font encoding OMS on input line 713.
\macc@depth=\count115
\c@MaxMatrixCols=\count116
\dotsspace@=\muskip11
\c@parentequation=\count117
\dspbrk@lvl=\count118
\tag@help=\toks18
\row@=\count119
\column@=\count120
\maxfields@=\count121
\andhelp@=\toks19
\eqnshift@=\dimen112
\alignsep@=\dimen113
\tagshift@=\dimen114
\tagwidth@=\dimen115
\totwidth@=\dimen116
\lineht@=\dimen117
\@envbody=\toks20
\multlinegap=\skip59
\multlinetaggap=\skip60
\mathdisplay@stack=\toks21
LaTeX Info: Redefining \[ on input line 2817.
LaTeX Info: Redefining \] on input line 2818.
) (/usr/local/texlive/2018/texmf-dist/tex/latex/ae/ae.sty
Package: ae 2001/02/12 1.3 Almost European Computer Modern
(/usr/local/texlive/2018/texmf-dist/tex/latex/base/fontenc.sty
Package: fontenc 2017/04/05 v2.0i Standard LaTeX package
(/usr/local/texlive/2018/texmf-dist/tex/latex/base/t1enc.def
File: t1enc.def 2017/04/05 v2.0i Standard LaTeX file
LaTeX Font Info:    Redeclaring font encoding T1 on input line 48.
)
LaTeX Font Info:    Try loading font information for T1+aer on input line 105.
(/usr/local/texlive/2018/texmf-dist/tex/latex/ae/t1aer.fd
File: t1aer.fd 1997/11/16 Font definitions for T1/aer.
))) (/usr/local/texlive/2018/texmf-dist/tex/latex/lm/lmodern.sty
Package: lmodern 2009/10/30 v1.6 Latin Modern Fonts
LaTeX Font Info:    Overwriting symbol font `operators' in version `normal'
(Font)                  OT1/cmr/m/n --> OT1/lmr/m/n on input line 22.
LaTeX Font Info:    Overwriting symbol font `letters' in version `normal'
(Font)                  OML/cmm/m/it --> OML/lmm/m/it on input line 23.
LaTeX Font Info:    Overwriting symbol font `symbols' in version `normal'
(Font)                  OMS/cmsy/m/n --> OMS/lmsy/m/n on input line 24.
LaTeX Font Info:    Overwriting symbol font `largesymbols' in version `normal'
(Font)                  OMX/cmex/m/n --> OMX/lmex/m/n on input line 25.
LaTeX Font Info:    Overwriting symbol font `operators' in version `bold'
(Font)                  OT1/cmr/bx/n --> OT1/lmr/bx/n on input line 26.
LaTeX Font Info:    Overwriting symbol font `letters' in version `bold'
(Font)                  OML/cmm/b/it --> OML/lmm/b/it on input line 27.
LaTeX Font Info:    Overwriting symbol font `symbols' in version `bold'
(Font)                  OMS/cmsy/b/n --> OMS/lmsy/b/n on input line 28.
LaTeX Font Info:    Overwriting symbol font `largesymbols' in version `bold'
(Font)                  OMX/cmex/m/n --> OMX/lmex/m/n on input line 29.
LaTeX Font Info:    Overwriting math alphabet `\mathbf' in version `normal'
(Font)                  OT1/cmr/bx/n --> OT1/lmr/bx/n on input line 31.
LaTeX Font Info:    Overwriting math alphabet `\mathsf' in version `normal'
(Font)                  OT1/cmss/m/n --> OT1/lmss/m/n on input line 32.
LaTeX Font Info:    Overwriting math alphabet `\mathit' in version `normal'
(Font)                  OT1/cmr/m/it --> OT1/lmr/m/it on input line 33.
LaTeX Font Info:    Overwriting math alphabet `\mathtt' in version `normal'
(Font)                  OT1/cmtt/m/n --> OT1/lmtt/m/n on input line 34.
LaTeX Font Info:    Overwriting math alphabet `\mathbf' in version `bold'
(Font)                  OT1/cmr/bx/n --> OT1/lmr/bx/n on input line 35.
LaTeX Font Info:    Overwriting math alphabet `\mathsf' in version `bold'
(Font)                  OT1/cmss/bx/n --> OT1/lmss/bx/n on input line 36.
LaTeX Font Info:    Overwriting math alphabet `\mathit' in version `bold'
(Font)                  OT1/cmr/bx/it --> OT1/lmr/bx/it on input line 37.
LaTeX Font Info:    Overwriting math alphabet `\mathtt' in version `bold'
(Font)                  OT1/cmtt/m/n --> OT1/lmtt/m/n on input line 38.
) (/usr/local/texlive/2018/texmf-dist/tex/latex/base/fontenc.sty
Package: fontenc 2017/04/05 v2.0i Standard LaTeX package
(/usr/local/texlive/2018/texmf-dist/tex/latex/base/t1enc.def
File: t1enc.def 2017/04/05 v2.0i Standard LaTeX file
LaTeX Font Info:    Redeclaring font encoding T1 on input line 48.
)) (/usr/local/texlive/2018/texmf-dist/tex/latex/tocloft/tocloft.sty
Package: tocloft 2017/08/31 v2.3i parameterised ToC, etc., typesetting
Package tocloft Info: The document has section divisions on input line 51.
\cftparskip=\skip61
\cftbeforetoctitleskip=\skip62
\cftaftertoctitleskip=\skip63
\cftbeforepartskip=\skip64
\cftpartnumwidth=\skip65
\cftpartindent=\skip66
\cftbeforesecskip=\skip67
\cftsecindent=\skip68
\cftsecnumwidth=\skip69
\cftbeforesubsecskip=\skip70
\cftsubsecindent=\skip71
\cftsubsecnumwidth=\skip72
\cftbeforesubsubsecskip=\skip73
\cftsubsubsecindent=\skip74
\cftsubsubsecnumwidth=\skip75
\cftbeforeparaskip=\skip76
\cftparaindent=\skip77
\cftparanumwidth=\skip78
\cftbeforesubparaskip=\skip79
\cftsubparaindent=\skip80
\cftsubparanumwidth=\skip81
\cftbeforeloftitleskip=\skip82
\cftafterloftitleskip=\skip83
\cftbeforefigskip=\skip84
\cftfigindent=\skip85
\cftfignumwidth=\skip86
\c@lofdepth=\count122
\c@lotdepth=\count123
\cftbeforelottitleskip=\skip87
\cftafterlottitleskip=\skip88
\cftbeforetabskip=\skip89
\cfttabindent=\skip90
\cfttabnumwidth=\skip91
)
Package hyperref Info: Option `colorlinks' set `true' on input line 40.
Package hyperref Info: Option `hypertexnames' set `true' on input line 40.

Package hyperref Warning: Option `pagebackref' has already been used,
(hyperref)                setting the option has no effect on input line 40.

Package xr Info: IMPORTING LABELS FROM install.aux on input line 78.
Package xr Info: IMPORTING LABELS FROM csub.aux on input line 79.
Package xr Info: IMPORTING LABELS FROM ang2vec_c.aux on input line 79.
Package xr Info: IMPORTING LABELS FROM get_fits_size_c.aux on input line 79.
Package xr Info: IMPORTING LABELS FROM npix2nside_c.aux on input line 79.
Package xr Info: IMPORTING LABELS FROM nside2npix_c.aux on input line 79.
Package xr Info: IMPORTING LABELS FROM pix_tools_c.aux on input line 79.
Package xr Info: IMPORTING LABELS FROM read_healpix_map_c.aux on input line 79.

Package xr Info: IMPORTING LABELS FROM vec2ang_c.aux on input line 79.
Package xr Info: IMPORTING LABELS FROM write_healpix_map_c.aux on input line 79
.
Package xr Info: IMPORTING LABELS FROM idl.aux on input line 80.
Package xr Info: IMPORTING LABELS FROM alm_i2t_idl.aux on input line 80.
Package xr Info: IMPORTING LABELS FROM alm_t2i_idl.aux on input line 80.
Package xr Info: IMPORTING LABELS FROM alm2fits_idl.aux on input line 80.
Package xr Info: IMPORTING LABELS FROM ang2vec_idl.aux on input line 80.
Package xr Info: IMPORTING LABELS FROM angulardistance_idl.aux on input line 80
.
Package xr Info: IMPORTING LABELS FROM azeqview_idl.aux on input line 80.
Package xr Info: IMPORTING LABELS FROM beam2bl_idl.aux on input line 80.
Package xr Info: IMPORTING LABELS FROM bin_llcl_idl.aux on input line 80.
Package xr Info: IMPORTING LABELS FROM bl2beam_idl.aux on input line 80.
Package xr Info: IMPORTING LABELS FROM bl2fits_idl.aux on input line 80.
Package xr Info: IMPORTING LABELS FROM cartcursor_idl.aux on input line 80.
Package xr Info: IMPORTING LABELS FROM cartview_idl.aux on input line 80.
Package xr Info: IMPORTING LABELS FROM change_polcconv_idl.aux on input line 80
.
Package xr Info: IMPORTING LABELS FROM cl2fits_idl.aux on input line 80.
Package xr Info: IMPORTING LABELS FROM convert_oldhpx2cmbfast_idl.aux on input 
line 80.
Package xr Info: IMPORTING LABELS FROM euler_matrix_new_idl.aux on input line 8
0.
Package xr Info: IMPORTING LABELS FROM fits2alm_idl.aux on input line 80.
Package xr Info: IMPORTING LABELS FROM fits2cl_idl.aux on input line 80.
Package xr Info: IMPORTING LABELS FROM gaussbeam_idl.aux on input line 80.
Package xr Info: IMPORTING LABELS FROM getdisc_ring_idl.aux on input line 80.
Package xr Info: IMPORTING LABELS FROM getsize_fits_idl.aux on input line 80.
Package xr Info: IMPORTING LABELS FROM gnomcursor_idl.aux on input line 80.
Package xr Info: IMPORTING LABELS FROM gnomview_idl.aux on input line 80.
Package xr Info: IMPORTING LABELS FROM healpix_doc_idl.aux on input line 80.
Package xr Info: IMPORTING LABELS FROM healpixwindow_idl.aux on input line 80.
Package xr Info: IMPORTING LABELS FROM help_st_idl.aux on input line 80.
Package xr Info: IMPORTING LABELS FROM hpx2dm_idl.aux on input line 80.
Package xr Info: IMPORTING LABELS FROM hpx2gs_idl.aux on input line 80.
Package xr Info: IMPORTING LABELS FROM ialteralm_idl.aux on input line 80.
Package xr Info: IMPORTING LABELS FROM ianafast_idl.aux on input line 80.
Package xr Info: IMPORTING LABELS FROM index2lm_idl.aux on input line 80.
Package xr Info: IMPORTING LABELS FROM init_healpix_idl.aux on input line 80.
Package xr Info: IMPORTING LABELS FROM iprocess_mask_idl.aux on input line 80.
Package xr Info: IMPORTING LABELS FROM ismoothing_idl.aux on input line 80.
Package xr Info: IMPORTING LABELS FROM isynfast_idl.aux on input line 80.
Package xr Info: IMPORTING LABELS FROM lm2index_idl.aux on input line 80.
Package xr Info: IMPORTING LABELS FROM median_filter_idl.aux on input line 80.
Package xr Info: IMPORTING LABELS FROM mollcursor_idl.aux on input line 80.
Package xr Info: IMPORTING LABELS FROM mollview_idl.aux on input line 80.
Package xr Info: IMPORTING LABELS FROM neighbours_nest_idl.aux on input line 80
.
Package xr Info: IMPORTING LABELS FROM neighbours_ring_idl.aux on input line 80
.
Package xr Info: IMPORTING LABELS FROM nest2uniq_idl.aux on input line 80.
Package xr Info: IMPORTING LABELS FROM npix2nside_idl.aux on input line 80.
Package xr Info: IMPORTING LABELS FROM nside2npix_idl.aux on input line 80.
Package xr Info: IMPORTING LABELS FROM nside2npweights_idl.aux on input line 80
.
Package xr Info: IMPORTING LABELS FROM nside2ntemplates_idl.aux on input line 8
0.
Package xr Info: IMPORTING LABELS FROM orthcursor_idl.aux on input line 80.
Package xr Info: IMPORTING LABELS FROM orthview_idl.aux on input line 80.
Package xr Info: IMPORTING LABELS FROM outline_earth_idl.aux on input line 80.
Package xr Info: IMPORTING LABELS FROM pix_tools_idl.aux on input line 80.
Package xr Info: IMPORTING LABELS FROM planck_colors_idl.aux on input line 80.
Package xr Info: IMPORTING LABELS FROM query_disc_idl.aux on input line 80.
Package xr Info: IMPORTING LABELS FROM query_polygon_idl.aux on input line 80.
Package xr Info: IMPORTING LABELS FROM query_strip_idl.aux on input line 80.
Package xr Info: IMPORTING LABELS FROM query_triangle_idl.aux on input line 80.

Package xr Info: IMPORTING LABELS FROM read_fits_cut4_idl.aux on input line 80.

Package xr Info: IMPORTING LABELS FROM read_fits_map_idl.aux on input line 80.
Package xr Info: IMPORTING LABELS FROM read_fits_partial_idl.aux on input line 
80.
Package xr Info: IMPORTING LABELS FROM read_fits_s_idl.aux on input line 80.
Package xr Info: IMPORTING LABELS FROM read_tqu_idl.aux on input line 80.
Package xr Info: IMPORTING LABELS FROM remove_dipole_idl.aux on input line 80.
Package xr Info: IMPORTING LABELS FROM reorder_idl.aux on input line 80.
Package xr Info: IMPORTING LABELS FROM rotate_coord_idl.aux on input line 80.
Package xr Info: IMPORTING LABELS FROM same_shape_pixels_xxx_idl.aux on input l
ine 80.
Package xr Info: IMPORTING LABELS FROM template_pixel_xxx_idl.aux on input line
 80.
Package xr Info: IMPORTING LABELS FROM ud_grade_idl.aux on input line 80.
Package xr Info: IMPORTING LABELS FROM unfold_weights_idl.aux on input line 80.

Package xr Info: IMPORTING LABELS FROM uniq2nest_idl.aux on input line 80.
Package xr Info: IMPORTING LABELS FROM vec2ang_idl.aux on input line 80.
Package xr Info: IMPORTING LABELS FROM write_fits_cut4_idl.aux on input line 80
.
Package xr Info: IMPORTING LABELS FROM write_fits_map_idl.aux on input line 80.

Package xr Info: IMPORTING LABELS FROM write_fits_partial_idl.aux on input line
 80.
Package xr Info: IMPORTING LABELS FROM write_fits_sb_idl.aux on input line 80.
Package xr Info: IMPORTING LABELS FROM write_tqu_idl.aux on input line 80.
Package xr Info: IMPORTING LABELS FROM facilities.aux on input line 81.
Package xr Info: IMPORTING LABELS FROM alteralm_fac.aux on input line 81.
Package xr Info: IMPORTING LABELS FROM anafast_fac.aux on input line 81.
Package xr Info: IMPORTING LABELS FROM hotspot_fac.aux on input line 81.
Package xr Info: IMPORTING LABELS FROM map2gif_fac.aux on input line 81.
Package xr Info: IMPORTING LABELS FROM median_filter_fac.aux on input line 81.
Package xr Info: IMPORTING LABELS FROM plmgen_fac.aux on input line 81.
Package xr Info: IMPORTING LABELS FROM process_mask_fac.aux on input line 81.
Package xr Info: IMPORTING LABELS FROM sky_ng_sim_fac.aux on input line 81.
Package xr Info: IMPORTING LABELS FROM smoothing_fac.aux on input line 81.
Package xr Info: IMPORTING LABELS FROM synfast_fac.aux on input line 81.
Package xr Info: IMPORTING LABELS FROM ud_grade_fac.aux on input line 81.
Package xr Info: IMPORTING LABELS FROM fac_appendix.aux on input line 81.
Package xr Info: IMPORTING LABELS FROM subroutines.aux on input line 82.
Package xr Info: IMPORTING LABELS FROM add_card.aux on input line 82.
Package xr Info: IMPORTING LABELS FROM add_dipole.aux on input line 82.
Package xr Info: IMPORTING LABELS FROM alm2cl.aux on input line 82.
Package xr Info: IMPORTING LABELS FROM alm2map.aux on input line 82.
Package xr Info: IMPORTING LABELS FROM alm2map_der.aux on input line 82.
Package xr Info: IMPORTING LABELS FROM alm2map_spin.aux on input line 82.
Package xr Info: IMPORTING LABELS FROM alms2fits.aux on input line 82.
Package xr Info: IMPORTING LABELS FROM alter_alm.aux on input line 82.
Package xr Info: IMPORTING LABELS FROM ang2vec.aux on input line 82.
Package xr Info: IMPORTING LABELS FROM angdist.aux on input line 82.
Package xr Info: IMPORTING LABELS FROM apply_mask.aux on input line 82.
Package xr Info: IMPORTING LABELS FROM assert.aux on input line 82.
Package xr Info: IMPORTING LABELS FROM brag_openmp.aux on input line 82.
Package xr Info: IMPORTING LABELS FROM complex_fft.aux on input line 82.
Package xr Info: IMPORTING LABELS FROM compute_statistics.aux on input line 82.

Package xr Info: IMPORTING LABELS FROM concatnl.aux on input line 82.
Package xr Info: IMPORTING LABELS FROM convert_inplace.aux on input line 82.
Package xr Info: IMPORTING LABELS FROM convert_nest2ring.aux on input line 82.
Package xr Info: IMPORTING LABELS FROM convert_ring2nest.aux on input line 82.
Package xr Info: IMPORTING LABELS FROM coordsys2euler_zyz.aux on input line 82.

Package xr Info: IMPORTING LABELS FROM create_alm.aux on input line 82.
Package xr Info: IMPORTING LABELS FROM del_card.aux on input line 82.
Package xr Info: IMPORTING LABELS FROM dist2holes_nest.aux on input line 82.
Package xr Info: IMPORTING LABELS FROM dump_alms.aux on input line 82.
Package xr Info: IMPORTING LABELS FROM fill_holes_nest.aux on input line 82.
Package xr Info: IMPORTING LABELS FROM fits2alms.aux on input line 82.
Package xr Info: IMPORTING LABELS FROM fits2cl.aux on input line 82.
Package xr Info: IMPORTING LABELS FROM gaussbeam.aux on input line 82.
Package xr Info: IMPORTING LABELS FROM generate_beam.aux on input line 82.
Package xr Info: IMPORTING LABELS FROM get_card.aux on input line 82.
Package xr Info: IMPORTING LABELS FROM get_healpix_xxx_dir.aux on input line 82
.
Package xr Info: IMPORTING LABELS FROM get_healpix_xxx_file.aux on input line 8
2.
Package xr Info: IMPORTING LABELS FROM getargument.aux on input line 82.
Package xr Info: IMPORTING LABELS FROM getenvironment.aux on input line 82.
Package xr Info: IMPORTING LABELS FROM getdisc_ring.aux on input line 82.
Package xr Info: IMPORTING LABELS FROM getnumext_fits.aux on input line 82.
Package xr Info: IMPORTING LABELS FROM getsize_fits.aux on input line 82.
Package xr Info: IMPORTING LABELS FROM healpix_modules.aux on input line 82.
Package xr Info: IMPORTING LABELS FROM healpix_types.aux on input line 82.
Package xr Info: IMPORTING LABELS FROM in_ring.aux on input line 82.
Package xr Info: IMPORTING LABELS FROM input_map.aux on input line 82.
Package xr Info: IMPORTING LABELS FROM input_tod.aux on input line 82.
Package xr Info: IMPORTING LABELS FROM long_intrinsic.aux on input line 82.
Package xr Info: IMPORTING LABELS FROM map2alm.aux on input line 82.
Package xr Info: IMPORTING LABELS FROM map2alm_iterative.aux on input line 82.
Package xr Info: IMPORTING LABELS FROM map2alm_spin.aux on input line 82.
Package xr Info: IMPORTING LABELS FROM maskborder_nest.aux on input line 82.
Package xr Info: IMPORTING LABELS FROM medfiltmap.aux on input line 82.
Package xr Info: IMPORTING LABELS FROM median.aux on input line 82.
Package xr Info: IMPORTING LABELS FROM merge_headers.aux on input line 82.
Package xr Info: IMPORTING LABELS FROM mpi_alm_tools.aux on input line 82.
Package xr Info: IMPORTING LABELS FROM mpi_alm2map.aux on input line 82.
Package xr Info: IMPORTING LABELS FROM mpi_alm2map_simple.aux on input line 82.

Package xr Info: IMPORTING LABELS FROM mpi_alm2map_slave.aux on input line 82.
Package xr Info: IMPORTING LABELS FROM mpi_cleanup_alm_tools.aux on input line 
82.
Package xr Info: IMPORTING LABELS FROM mpi_initialize_alm_tools.aux on input li
ne 82.
Package xr Info: IMPORTING LABELS FROM mpi_map2alm.aux on input line 82.
Package xr Info: IMPORTING LABELS FROM mpi_map2alm_simple.aux on input line 82.

Package xr Info: IMPORTING LABELS FROM mpi_map2alm_slave.aux on input line 82.
Package xr Info: IMPORTING LABELS FROM narguments.aux on input line 82.
Package xr Info: IMPORTING LABELS FROM neighbours_nest.aux on input line 82.
Package xr Info: IMPORTING LABELS FROM nest2uniq.aux on input line 82.
Package xr Info: IMPORTING LABELS FROM npix2nside.aux on input line 82.
Package xr Info: IMPORTING LABELS FROM nside2npix.aux on input line 82.
Package xr Info: IMPORTING LABELS FROM nside2npweights.aux on input line 82.
Package xr Info: IMPORTING LABELS FROM nside2ntemplates.aux on input line 82.
Package xr Info: IMPORTING LABELS FROM number_of_alms.aux on input line 82.
Package xr Info: IMPORTING LABELS FROM output_map.aux on input line 82.
Package xr Info: IMPORTING LABELS FROM parse_xxx.aux on input line 82.
Package xr Info: IMPORTING LABELS FROM pixel_window.aux on input line 82.
Package xr Info: IMPORTING LABELS FROM pix_tools.aux on input line 82.
Package xr Info: IMPORTING LABELS FROM planck_rng.aux on input line 82.
Package xr Info: IMPORTING LABELS FROM plm_gen.aux on input line 82.
Package xr Info: IMPORTING LABELS FROM query_disc.aux on input line 82.
Package xr Info: IMPORTING LABELS FROM query_polygon.aux on input line 82.
Package xr Info: IMPORTING LABELS FROM query_strip.aux on input line 82.
Package xr Info: IMPORTING LABELS FROM query_triangle.aux on input line 82.
Package xr Info: IMPORTING LABELS FROM rand_gauss.aux on input line 82.
Package xr Info: IMPORTING LABELS FROM rand_init.aux on input line 82.
Package xr Info: IMPORTING LABELS FROM rand_uni.aux on input line 82.
Package xr Info: IMPORTING LABELS FROM read_asctab.aux on input line 82.
Package xr Info: IMPORTING LABELS FROM read_bintab.aux on input line 82.
Package xr Info: IMPORTING LABELS FROM read_conbintab.aux on input line 82.
Package xr Info: IMPORTING LABELS FROM read_dbintab.aux on input line 82.
Package xr Info: IMPORTING LABELS FROM read_fits_cut4.aux on input line 82.
Package xr Info: IMPORTING LABELS FROM read_fits_partial.aux on input line 82.
Package xr Info: IMPORTING LABELS FROM read_par.aux on input line 82.
Package xr Info: IMPORTING LABELS FROM real_fft.aux on input line 82.
Package xr Info: IMPORTING LABELS FROM remove_dipole.aux on input line 82.
Package xr Info: IMPORTING LABELS FROM ring_analysis.aux on input line 82.
Package xr Info: IMPORTING LABELS FROM ring_num.aux on input line 82.
Package xr Info: IMPORTING LABELS FROM ring_synthesis.aux on input line 82.
Package xr Info: IMPORTING LABELS FROM rotate_alm.aux on input line 82.
Package xr Info: IMPORTING LABELS FROM same_shape_pixels_xxx.aux on input line 
82.
Package xr Info: IMPORTING LABELS FROM scan_directories.aux on input line 82.
Package xr Info: IMPORTING LABELS FROM size_holes_nest.aux on input line 82.
Package xr Info: IMPORTING LABELS FROM string.aux on input line 82.
Package xr Info: IMPORTING LABELS FROM surface_triangle.aux on input line 82.
Package xr Info: IMPORTING LABELS FROM template_pixel_xxx.aux on input line 82.

Package xr Info: IMPORTING LABELS FROM udgrade_nest.aux on input line 82.
Package xr Info: IMPORTING LABELS FROM udgrade_ring.aux on input line 82.
Package xr Info: IMPORTING LABELS FROM unfold_weightsfile.aux on input line 82.

Package xr Info: IMPORTING LABELS FROM uniq2nest.aux on input line 82.
Package xr Info: IMPORTING LABELS FROM vec2ang.aux on input line 82.
Package xr Info: IMPORTING LABELS FROM vect_prod.aux on input line 82.
Package xr Info: IMPORTING LABELS FROM write_asctab.aux on input line 82.
Package xr Info: IMPORTING LABELS FROM write_bintab.aux on input line 82.
Package xr Info: IMPORTING LABELS FROM write_bintabh.aux on input line 82.
Package xr Info: IMPORTING LABELS FROM write_dbintab.aux on input line 82.
Package xr Info: IMPORTING LABELS FROM write_fits_cut4.aux on input line 82.
Package xr Info: IMPORTING LABELS FROM write_fits_partial.aux on input line 82.

Package xr Info: IMPORTING LABELS FROM write_minimal_header.aux on input line 8
2.
Package xr Info: IMPORTING LABELS FROM write_plm.aux on input line 82.
Package xr Info: IMPORTING LABELS FROM xcc_v_convert.aux on input line 82.
\sizebox=\box28
\lthtmlwrite=\write4
(/usr/local/texlive/2018/texmf-dist/tex/latex/preview/preview.sty
Package: preview 2017/04/24 11.91 (AUCTeX/preview-latex)
(/usr/local/texlive/2018/texmf-dist/tex/generic/luatex85/luatex85.sty
Package: luatex85 2016/06/15 v1.4 pdftex aliases for luatex
) (/usr/local/texlive/2018/texmf-dist/tex/latex/preview/prtightpage.def
\PreviewBorder=\dimen118
)
\pr@snippet=\count124
\pr@box=\box29
\pr@output=\toks22
)
\lthtmlPageBox=\box30
\lthtmlCropMarkHeight=\dimen119
\lthtmlCropMarkDepth=\dimen120
(./intro_images.aux)
\openout1 = `intro_images.aux'.

LaTeX Font Info:    Checking defaults for OML/cmm/m/it on input line 193.
LaTeX Font Info:    ... okay on input line 193.
LaTeX Font Info:    Checking defaults for T1/cmr/m/n on input line 193.
LaTeX Font Info:    ... okay on input line 193.
LaTeX Font Info:    Checking defaults for OT1/cmr/m/n on input line 193.
LaTeX Font Info:    ... okay on input line 193.
LaTeX Font Info:    Checking defaults for IL2/cmr/m/n on input line 193.
LaTeX Font Info:    ... okay on input line 193.
LaTeX Font Info:    Checking defaults for OMS/cmsy/m/n on input line 193.
LaTeX Font Info:    ... okay on input line 193.
LaTeX Font Info:    Checking defaults for OMX/cmex/m/n on input line 193.
LaTeX Font Info:    ... okay on input line 193.
LaTeX Font Info:    Checking defaults for U/cmr/m/n on input line 193.
LaTeX Font Info:    ... okay on input line 193.
LaTeX Font Info:    Checking defaults for PD1/pdf/m/n on input line 193.
LaTeX Font Info:    ... okay on input line 193.
LaTeX Font Info:    Try loading font information for T1+lmr on input line 193.
(/usr/local/texlive/2018/texmf-dist/tex/latex/lm/t1lmr.fd
File: t1lmr.fd 2009/10/30 v1.6 Font defs for Latin Modern
)
\AtBeginShipoutBox=\box31
Package backref Info: ** backref set up for natbib ** on input line 193.
Package hyperref Info: Link coloring ON on input line 193.
(/usr/local/texlive/2018/texmf-dist/tex/latex/hyperref/nameref.sty
Package: nameref 2016/05/21 v2.44 Cross-referencing by name of section
(/usr/local/texlive/2018/texmf-dist/tex/generic/oberdiek/gettitlestring.sty
Package: gettitlestring 2016/05/16 v1.5 Cleanup title references (HO)
)
\c@section@level=\count125
)
LaTeX Info: Redefining \ref on input line 193.
LaTeX Info: Redefining \pageref on input line 193.
LaTeX Info: Redefining \nameref on input line 193.
(./intro_images.out) (./intro_images.out)
\@outlinefile=\write5
\openout5 = `intro_images.out'.

(/usr/local/texlive/2018/texmf-dist/tex/context/base/mkii/supp-pdf.mkii
[Loading MPS to PDF converter (version 2006.09.02).]
\scratchcounter=\count126
\scratchdimen=\dimen121
\scratchbox=\box32
\nofMPsegments=\count127
\nofMParguments=\count128
\everyMPshowfont=\toks23
\MPscratchCnt=\count129
\MPscratchDim=\dimen122
\MPnumerator=\count130
\makeMPintoPDFobject=\count131
\everyMPtoPDFconversion=\toks24
) (/usr/local/texlive/2018/texmf-dist/tex/latex/oberdiek/epstopdf-base.sty
Package: epstopdf-base 2016/05/15 v2.6 Base part for package epstopdf
(/usr/local/texlive/2018/texmf-dist/tex/latex/oberdiek/grfext.sty
Package: grfext 2016/05/16 v1.2 Manage graphics extensions (HO)
)
Package epstopdf-base Info: Redefining graphics rule for `.eps' on input line 4
38.
Package grfext Info: Graphics extension search list:
(grfext)             [.pdf,.png,.jpg,.mps,.jpeg,.jbig2,.jb2,.PDF,.PNG,.JPG,.JPE
G,.JBIG2,.JB2,.eps]
(grfext)             \AppendGraphicsExtensions on input line 456.
(/usr/local/texlive/2018/texmf-dist/tex/latex/latexconfig/epstopdf-sys.cfg
File: epstopdf-sys.cfg 2010/07/13 v1.3 Configuration of (r)epstopdf for TeX Liv
e
))
Preview: Fontsize 12pt
Preview: PDFoutput 1

latex2htmlLength hsize=349.0pt

latex2htmlLength vsize=688.0pt

latex2htmlLength hoffset=0.0pt

latex2htmlLength voffset=0.0pt

latex2htmlLength topmargin=0.0pt

latex2htmlLength topskip=0.00003pt

latex2htmlLength headheight=0.0pt

latex2htmlLength headsep=0.0pt

latex2htmlLength parskip=3.875pt plus 1.03331pt minus 0.5167pt

latex2htmlLength oddsidemargin=0.0pt

latex2htmlLength evensidemargin=0.0pt

LaTeX Font Info:    Try loading font information for OT1+lmr on input line 222.

(/usr/local/texlive/2018/texmf-dist/tex/latex/lm/ot1lmr.fd
File: ot1lmr.fd 2009/10/30 v1.6 Font defs for Latin Modern
)
LaTeX Font Info:    Try loading font information for OML+lmm on input line 222.

(/usr/local/texlive/2018/texmf-dist/tex/latex/lm/omllmm.fd
File: omllmm.fd 2009/10/30 v1.6 Font defs for Latin Modern
)
LaTeX Font Info:    Try loading font information for OMS+lmsy on input line 222
.
(/usr/local/texlive/2018/texmf-dist/tex/latex/lm/omslmsy.fd
File: omslmsy.fd 2009/10/30 v1.6 Font defs for Latin Modern
)
LaTeX Font Info:    Try loading font information for OMX+lmex on input line 222
.
(/usr/local/texlive/2018/texmf-dist/tex/latex/lm/omxlmex.fd
File: omxlmex.fd 2009/10/30 v1.6 Font defs for Latin Modern
)
LaTeX Font Info:    External font `lmex10' loaded for size
(Font)              <12> on input line 222.
LaTeX Font Info:    External font `lmex10' loaded for size
(Font)              <8> on input line 222.
LaTeX Font Info:    External font `lmex10' loaded for size
(Font)              <6> on input line 222.

:tex2html_wrap_inline4129:lthtmlCropMarkHeight:=10.4025pt

:tex2html_wrap_inline4129:lthtmlCropMarkDepth:=0.0pt:1ex:=5.16667pt
Preview: Tightpage -32891 -32891 32891 32891
[1
Non-PDF special ignored!
<special> papersize=614.295pt,794.96999pt
{/usr/local/texlive/2018/texmf-var/fonts/map/pdftex/updmap/pdftex.map}]

:tex2html_wrap_inline4131:lthtmlCropMarkHeight:=15.51021pt

:tex2html_wrap_inline4131:lthtmlCropMarkDepth:=0.0pt:1ex:=5.16667pt
[2]

:tex2html_wrap_inline4133:lthtmlCropMarkHeight:=14.79916pt

:tex2html_wrap_inline4133:lthtmlCropMarkDepth:=0.0pt:1ex:=5.16667pt
[3]

:tex2html_wrap_inline4135:lthtmlCropMarkHeight:=15.51021pt

:tex2html_wrap_inline4135:lthtmlCropMarkDepth:=3.35548pt:1ex:=5.16667pt
[4]

:tex2html_wrap_inline4137:lthtmlCropMarkHeight:=14.2pt

:tex2html_wrap_inline4137:lthtmlCropMarkDepth:=3.35548pt:1ex:=5.16667pt
[5]

:tex2html_wrap_inline4150:lthtmlCropMarkHeight:=14.2pt

:tex2html_wrap_inline4150:lthtmlCropMarkDepth:=1.79999pt:1ex:=5.16667pt
[6]

:tex2html_wrap_inline4152:lthtmlCropMarkHeight:=15.51021pt

:tex2html_wrap_inline4152:lthtmlCropMarkDepth:=3.35548pt:1ex:=5.16667pt
[7]

:tex2html_wrap_inline4154:lthtmlCropMarkHeight:=14.2pt

:tex2html_wrap_inline4154:lthtmlCropMarkDepth:=3.35555pt:1ex:=5.16667pt
[8]

:tex2html_wrap_inline4159:lthtmlCropMarkHeight:=14.2pt

:tex2html_wrap_inline4159:lthtmlCropMarkDepth:=1.79999pt:1ex:=5.16667pt
[9]

:tex2html_wrap_inline4161:lthtmlCropMarkHeight:=14.2pt

:tex2html_wrap_inline4161:lthtmlCropMarkDepth:=1.79999pt:1ex:=5.16667pt
[10]

:tex2html_wrap_inline4163:lthtmlCropMarkHeight:=14.2pt

:tex2html_wrap_inline4163:lthtmlCropMarkDepth:=3.35548pt:1ex:=5.16667pt
[11]

:tex2html_wrap_inline4165:lthtmlCropMarkHeight:=14.33331pt

:tex2html_wrap_inline4165:lthtmlCropMarkDepth:=2.33331pt:1ex:=5.16667pt
[12]

:tex2html_wrap_inline4167:lthtmlCropMarkHeight:=15.0pt

:tex2html_wrap_inline4167:lthtmlCropMarkDepth:=3.0pt:1ex:=5.16667pt
[13]

:tex2html_wrap_inline4169:lthtmlCropMarkHeight:=15.51021pt

:tex2html_wrap_inline4169:lthtmlCropMarkDepth:=3.0pt:1ex:=5.16667pt
[14]

:tex2html_wrap_inline4171:lthtmlCropMarkHeight:=15.51021pt

:tex2html_wrap_inline4171:lthtmlCropMarkDepth:=3.0pt:1ex:=5.16667pt
[15]

:tex2html_wrap_inline4173:lthtmlCropMarkHeight:=14.33331pt

:tex2html_wrap_inline4173:lthtmlCropMarkDepth:=0.0pt:1ex:=5.16667pt
[16]

:tex2html_wrap_inline4175:lthtmlCropMarkHeight:=14.33331pt

:tex2html_wrap_inline4175:lthtmlCropMarkDepth:=2.33331pt:1ex:=5.16667pt
[17]

:tex2html_wrap_inline4180:lthtmlCropMarkHeight:=14.2pt

:tex2html_wrap_inline4180:lthtmlCropMarkDepth:=1.79999pt:1ex:=5.16667pt
[18]

:tex2html_wrap_inline4182:lthtmlCropMarkHeight:=14.2pt

:tex2html_wrap_inline4182:lthtmlCropMarkDepth:=1.79999pt:1ex:=5.16667pt
[19]

:tex2html_wrap_inline4190:lthtmlCropMarkHeight:=13.0pt

:tex2html_wrap_inline4190:lthtmlCropMarkDepth:=1.0pt:1ex:=5.16667pt
[20]

:tex2html_wrap_inline4193:lthtmlCropMarkHeight:=15.91026pt

:tex2html_wrap_inline4193:lthtmlCropMarkDepth:=1.79999pt:1ex:=5.16667pt
[21]

:tex2html_wrap_inline4195:lthtmlCropMarkHeight:=14.33331pt

:tex2html_wrap_inline4195:lthtmlCropMarkDepth:=0.0pt:1ex:=5.16667pt
[22]

:tex2html_wrap_inline4197:lthtmlCropMarkHeight:=11.16667pt

:tex2html_wrap_inline4197:lthtmlCropMarkDepth:=2.33331pt:1ex:=5.16667pt
[23]

:tex2html_wrap_inline4199:lthtmlCropMarkHeight:=15.51021pt

:tex2html_wrap_inline4199:lthtmlCropMarkDepth:=3.0pt:1ex:=5.16667pt
[24]

:tex2html_wrap_inline4205:lthtmlCropMarkHeight:=11.16667pt

:tex2html_wrap_inline4205:lthtmlCropMarkDepth:=0.0pt:1ex:=5.16667pt
[25]

:tex2html_wrap_indisplay4207:lthtmlCropMarkHeight:=16.1102pt

:tex2html_wrap_indisplay4207:lthtmlCropMarkDepth:=2.9666pt:1ex:=5.16667pt
[26]

:tex2html_wrap_inline4209:lthtmlCropMarkHeight:=14.2pt

:tex2html_wrap_inline4209:lthtmlCropMarkDepth:=1.79999pt:1ex:=5.16667pt
[27]

:tex2html_wrap_indisplay4220:lthtmlCropMarkHeight:=14.2pt

:tex2html_wrap_indisplay4220:lthtmlCropMarkDepth:=1.79999pt:1ex:=5.16667pt
[28]

:tex2html_wrap_indisplay4221:lthtmlCropMarkHeight:=16.9547pt

:tex2html_wrap_indisplay4221:lthtmlCropMarkDepth:=2.33331pt:1ex:=5.16667pt
[29]

:tex2html_wrap_indisplay4222:lthtmlCropMarkHeight:=11.16667pt

:tex2html_wrap_indisplay4222:lthtmlCropMarkDepth:=2.33331pt:1ex:=5.16667pt
[30]

:tex2html_wrap_indisplay4223:lthtmlCropMarkHeight:=16.1102pt

:tex2html_wrap_indisplay4223:lthtmlCropMarkDepth:=2.9666pt:1ex:=5.16667pt
[31]

:tex2html_wrap_inline4229:lthtmlCropMarkHeight:=13.55675pt

:tex2html_wrap_inline4229:lthtmlCropMarkDepth:=2.33331pt:1ex:=5.16667pt
[32]

:tex2html_wrap_inline4231:lthtmlCropMarkHeight:=14.2pt

:tex2html_wrap_inline4231:lthtmlCropMarkDepth:=1.79999pt:1ex:=5.16667pt
[33]

:tex2html_wrap_inline4235:lthtmlCropMarkHeight:=13.55675pt

:tex2html_wrap_inline4235:lthtmlCropMarkDepth:=2.33331pt:1ex:=5.16667pt
[34]

:tex2html_wrap_inline4243:lthtmlCropMarkHeight:=14.33331pt

:tex2html_wrap_inline4243:lthtmlCropMarkDepth:=2.33331pt:1ex:=5.16667pt
[35]

:tex2html_wrap_inline4245:lthtmlCropMarkHeight:=14.2pt

:tex2html_wrap_inline4245:lthtmlCropMarkDepth:=1.79999pt:1ex:=5.16667pt
[36]

:tex2html_wrap_indisplay4247:lthtmlCropMarkHeight:=25.66673pt

:tex2html_wrap_indisplay4247:lthtmlCropMarkDepth:=13.22227pt:1ex:=5.16667pt
[37]

:tex2html_wrap_inline4249:lthtmlCropMarkHeight:=11.16667pt

:tex2html_wrap_inline4249:lthtmlCropMarkDepth:=2.33331pt:1ex:=5.16667pt
[38]

:tex2html_wrap_inline4251:lthtmlCropMarkHeight:=15.0pt

:tex2html_wrap_inline4251:lthtmlCropMarkDepth:=3.0pt:1ex:=5.16667pt
[39]

:tex2html_wrap_inline4253:lthtmlCropMarkHeight:=15.0pt

:tex2html_wrap_inline4253:lthtmlCropMarkDepth:=3.0pt:1ex:=5.16667pt
[40]

:tex2html_wrap_inline4255:lthtmlCropMarkHeight:=14.33331pt

:tex2html_wrap_inline4255:lthtmlCropMarkDepth:=1.79999pt:1ex:=5.16667pt
[41]

:tex2html_wrap_inline4257:lthtmlCropMarkHeight:=11.16667pt

:tex2html_wrap_inline4257:lthtmlCropMarkDepth:=0.0pt:1ex:=5.16667pt
[42]

:tex2html_wrap_inline4259:lthtmlCropMarkHeight:=14.33331pt

:tex2html_wrap_inline4259:lthtmlCropMarkDepth:=1.79999pt:1ex:=5.16667pt
[43]

:tex2html_wrap_inline4261:lthtmlCropMarkHeight:=14.33331pt

:tex2html_wrap_inline4261:lthtmlCropMarkDepth:=1.79999pt:1ex:=5.16667pt
[44]

:tex2html_wrap_inline4263:lthtmlCropMarkHeight:=14.33331pt

:tex2html_wrap_inline4263:lthtmlCropMarkDepth:=0.0pt:1ex:=5.16667pt
[45]

:tex2html_wrap_inline4265:lthtmlCropMarkHeight:=14.33331pt

:tex2html_wrap_inline4265:lthtmlCropMarkDepth:=0.32pt:1ex:=5.16667pt
[46]

:tex2html_wrap_indisplay4269:lthtmlCropMarkHeight:=20.11122pt

:tex2html_wrap_indisplay4269:lthtmlCropMarkDepth:=8.11124pt:1ex:=5.16667pt
[47]

:tex2html_wrap_inline4271:lthtmlCropMarkHeight:=15.0pt

:tex2html_wrap_inline4271:lthtmlCropMarkDepth:=3.0pt:1ex:=5.16667pt
[48]

:tex2html_wrap_inline4275:lthtmlCropMarkHeight:=11.16667pt

:tex2html_wrap_inline4275:lthtmlCropMarkDepth:=3.35555pt:1ex:=5.16667pt
[49]

:tex2html_wrap_inline4277:lthtmlCropMarkHeight:=15.0pt

:tex2html_wrap_inline4277:lthtmlCropMarkDepth:=3.35548pt:1ex:=5.16667pt
[50]

:tex2html_wrap_inline4279:lthtmlCropMarkHeight:=14.33331pt

:tex2html_wrap_inline4279:lthtmlCropMarkDepth:=3.35555pt:1ex:=5.16667pt
[51]

:tex2html_wrap_inline4281:lthtmlCropMarkHeight:=11.16667pt

:tex2html_wrap_inline4281:lthtmlCropMarkDepth:=1.79999pt:1ex:=5.16667pt
[52]

:tex2html_wrap_indisplay4283:lthtmlCropMarkHeight:=26.8556pt

:tex2html_wrap_indisplay4283:lthtmlCropMarkDepth:=14.37778pt:1ex:=5.16667pt
[53]

:tex2html_wrap_inline4286:lthtmlCropMarkHeight:=14.38399pt

:tex2html_wrap_inline4286:lthtmlCropMarkDepth:=1.79999pt:1ex:=5.16667pt
[54]

:tex2html_wrap_inline4288:lthtmlCropMarkHeight:=17.41731pt

:tex2html_wrap_inline4288:lthtmlCropMarkDepth:=1.79999pt:1ex:=5.16667pt
[55]

:tex2html_wrap_indisplay4290:lthtmlCropMarkHeight:=21.67484pt

:tex2html_wrap_indisplay4290:lthtmlCropMarkDepth:=12.00006pt:1ex:=5.16667pt
[56]

:tex2html_wrap_inline4292:lthtmlCropMarkHeight:=15.0pt

:tex2html_wrap_inline4292:lthtmlCropMarkDepth:=3.35555pt:1ex:=5.16667pt
[57]

:tex2html_wrap_inline4296:lthtmlCropMarkHeight:=14.2pt

:tex2html_wrap_inline4296:lthtmlCropMarkDepth:=1.79999pt:1ex:=5.16667pt
[58]

:tex2html_wrap_inline4298:lthtmlCropMarkHeight:=15.0pt

:tex2html_wrap_inline4298:lthtmlCropMarkDepth:=3.35555pt:1ex:=5.16667pt
[59]

:tex2html_wrap_inline4304:lthtmlCropMarkHeight:=14.33331pt

:tex2html_wrap_inline4304:lthtmlCropMarkDepth:=0.0pt:1ex:=5.16667pt
[60]

:tex2html_wrap_inline4306:lthtmlCropMarkHeight:=11.16667pt

:tex2html_wrap_inline4306:lthtmlCropMarkDepth:=1.79999pt:1ex:=5.16667pt
[61]

:tex2html_wrap_inline4308:lthtmlCropMarkHeight:=16.74832pt

:tex2html_wrap_inline4308:lthtmlCropMarkDepth:=3.0pt:1ex:=5.16667pt
[62]

:tex2html_wrap_inline4312:lthtmlCropMarkHeight:=14.2pt

:tex2html_wrap_inline4312:lthtmlCropMarkDepth:=1.79999pt:1ex:=5.16667pt
[63]

:tex2html_wrap_inline4314:lthtmlCropMarkHeight:=15.0pt

:tex2html_wrap_inline4314:lthtmlCropMarkDepth:=3.0pt:1ex:=5.16667pt
[64]

:tex2html_wrap_inline4316:lthtmlCropMarkHeight:=15.0pt

:tex2html_wrap_inline4316:lthtmlCropMarkDepth:=3.0pt:1ex:=5.16667pt
[65]

:tex2html_wrap_inline4318:lthtmlCropMarkHeight:=13.55675pt

:tex2html_wrap_inline4318:lthtmlCropMarkDepth:=0.0pt:1ex:=5.16667pt
[66]

:tex2html_wrap_inline4324:lthtmlCropMarkHeight:=15.0pt

:tex2html_wrap_inline4324:lthtmlCropMarkDepth:=3.0pt:1ex:=5.16667pt
[67]

:tex2html_wrap_inline4326:lthtmlCropMarkHeight:=14.33331pt

:tex2html_wrap_inline4326:lthtmlCropMarkDepth:=0.924pt:1ex:=5.16667pt
[68]

:tex2html_wrap_inline4334:lthtmlCropMarkHeight:=15.0pt

:tex2html_wrap_inline4334:lthtmlCropMarkDepth:=3.0pt:1ex:=5.16667pt
[69]

:tex2html_wrap_inline4336:lthtmlCropMarkHeight:=14.38399pt

:tex2html_wrap_inline4336:lthtmlCropMarkDepth:=0.0pt:1ex:=5.16667pt
[70]

:tex2html_wrap_inline4338:lthtmlCropMarkHeight:=14.2pt

:tex2html_wrap_inline4338:lthtmlCropMarkDepth:=2.33331pt:1ex:=5.16667pt
[71]

:tex2html_wrap_inline4340:lthtmlCropMarkHeight:=14.2pt

:tex2html_wrap_inline4340:lthtmlCropMarkDepth:=0.0pt:1ex:=5.16667pt
[72]

:tex2html_wrap_inline4344:lthtmlCropMarkHeight:=14.2pt

:tex2html_wrap_inline4344:lthtmlCropMarkDepth:=3.35555pt:1ex:=5.16667pt
[73]

:tex2html_wrap_indisplay4346:lthtmlCropMarkHeight:=23.11809pt

:tex2html_wrap_indisplay4346:lthtmlCropMarkDepth:=11.23141pt:1ex:=5.16667pt
[74]

:tex2html_wrap_inline4348:lthtmlCropMarkHeight:=14.2pt

:tex2html_wrap_inline4348:lthtmlCropMarkDepth:=1.79999pt:1ex:=5.16667pt
[75]

:tex2html_wrap_inline4350:lthtmlCropMarkHeight:=14.2pt

:tex2html_wrap_inline4350:lthtmlCropMarkDepth:=0.0pt:1ex:=5.16667pt
[76]

:tex2html_wrap_inline4357:lthtmlCropMarkHeight:=15.0pt

:tex2html_wrap_inline4357:lthtmlCropMarkDepth:=3.0pt:1ex:=5.16667pt
[77]

:tex2html_wrap_inline4359:lthtmlCropMarkHeight:=15.51021pt

:tex2html_wrap_inline4359:lthtmlCropMarkDepth:=0.0pt:1ex:=5.16667pt
[78]

:tex2html_wrap_inline4361:lthtmlCropMarkHeight:=17.59998pt

:tex2html_wrap_inline4361:lthtmlCropMarkDepth:=4.13809pt:1ex:=5.16667pt
[79]

:tex2html_wrap_inline4363:lthtmlCropMarkHeight:=11.16667pt

:tex2html_wrap_inline4363:lthtmlCropMarkDepth:=2.33331pt:1ex:=5.16667pt
[80]

:tex2html_wrap_inline4371:lthtmlCropMarkHeight:=15.82137pt

:tex2html_wrap_inline4371:lthtmlCropMarkDepth:=3.79997pt:1ex:=5.16667pt
[81]

:tex2html_wrap_inline4373:lthtmlCropMarkHeight:=15.82137pt

:tex2html_wrap_inline4373:lthtmlCropMarkDepth:=3.79997pt:1ex:=5.16667pt
[82]

:tex2html_wrap_inline4377:lthtmlCropMarkHeight:=13.55675pt

:tex2html_wrap_inline4377:lthtmlCropMarkDepth:=1.0pt:1ex:=5.16667pt
[83]

:tex2html_wrap_inline4379:lthtmlCropMarkHeight:=14.2pt

:tex2html_wrap_inline4379:lthtmlCropMarkDepth:=3.35555pt:1ex:=5.16667pt
[84]

:tex2html_wrap_inline4381:lthtmlCropMarkHeight:=14.2pt

:tex2html_wrap_inline4381:lthtmlCropMarkDepth:=2.33331pt:1ex:=5.16667pt
[85]

:tex2html_wrap_inline4383:lthtmlCropMarkHeight:=14.2pt

:tex2html_wrap_inline4383:lthtmlCropMarkDepth:=0.0pt:1ex:=5.16667pt
[86]

:tex2html_wrap_inline4385:lthtmlCropMarkHeight:=15.0pt

:tex2html_wrap_inline4385:lthtmlCropMarkDepth:=3.0pt:1ex:=5.16667pt
[87]

:tex2html_wrap_inline4387:lthtmlCropMarkHeight:=15.0pt

:tex2html_wrap_inline4387:lthtmlCropMarkDepth:=3.0pt:1ex:=5.16667pt
[88]

:tex2html_wrap_inline4389:lthtmlCropMarkHeight:=15.0pt

:tex2html_wrap_inline4389:lthtmlCropMarkDepth:=3.0pt:1ex:=5.16667pt
[89]

:tex2html_wrap_inline4391:lthtmlCropMarkHeight:=14.2pt

:tex2html_wrap_inline4391:lthtmlCropMarkDepth:=0.0pt:1ex:=5.16667pt
[90]

:tex2html_wrap_inline4397:lthtmlCropMarkHeight:=11.50017pt

:tex2html_wrap_inline4397:lthtmlCropMarkDepth:=0.0pt:1ex:=5.16667pt
[91]

:tex2html_wrap_inline4399:lthtmlCropMarkHeight:=15.0pt

:tex2html_wrap_inline4399:lthtmlCropMarkDepth:=3.0pt:1ex:=5.16667pt
[92]

:tex2html_wrap_inline4407:lthtmlCropMarkHeight:=14.33331pt

:tex2html_wrap_inline4407:lthtmlCropMarkDepth:=2.33331pt:1ex:=5.16667pt
[93]

:tex2html_wrap_inline4409:lthtmlCropMarkHeight:=14.79916pt

:tex2html_wrap_inline4409:lthtmlCropMarkDepth:=2.33331pt:1ex:=5.16667pt
[94]

:tex2html_wrap_inline4411:lthtmlCropMarkHeight:=14.79916pt

:tex2html_wrap_inline4411:lthtmlCropMarkDepth:=2.33331pt:1ex:=5.16667pt
[95]

:tex2html_wrap_indisplay4412:lthtmlCropMarkHeight:=15.39915pt

:tex2html_wrap_indisplay4412:lthtmlCropMarkDepth:=2.33331pt:1ex:=5.16667pt
[96]

:tex2html_wrap_indisplay4413:lthtmlCropMarkHeight:=14.33331pt

:tex2html_wrap_indisplay4413:lthtmlCropMarkDepth:=2.33331pt:1ex:=5.16667pt
[97]

:tex2html_wrap_indisplay4414:lthtmlCropMarkHeight:=15.39915pt

:tex2html_wrap_indisplay4414:lthtmlCropMarkDepth:=0.0pt:1ex:=5.16667pt
[98]

:tex2html_wrap_indisplay4415:lthtmlCropMarkHeight:=14.33331pt

:tex2html_wrap_indisplay4415:lthtmlCropMarkDepth:=2.33331pt:1ex:=5.16667pt
[99]

:tex2html_wrap_inline4417:lthtmlCropMarkHeight:=14.2pt

:tex2html_wrap_inline4417:lthtmlCropMarkDepth:=2.33331pt:1ex:=5.16667pt
[100]

:tex2html_wrap_inline4419:lthtmlCropMarkHeight:=13.55675pt

:tex2html_wrap_inline4419:lthtmlCropMarkDepth:=1.0pt:1ex:=5.16667pt
[101]

:tex2html_wrap_inline4421:lthtmlCropMarkHeight:=14.2pt

:tex2html_wrap_inline4421:lthtmlCropMarkDepth:=2.9666pt:1ex:=5.16667pt
[102]

:tex2html_wrap_indisplay4422:lthtmlCropMarkHeight:=15.0pt

:tex2html_wrap_indisplay4422:lthtmlCropMarkDepth:=3.0pt:1ex:=5.16667pt
[103]

:tex2html_wrap_indisplay4423:lthtmlCropMarkHeight:=17.00006pt

:tex2html_wrap_indisplay4423:lthtmlCropMarkDepth:=13.22227pt:1ex:=5.16667pt
[104]

:tex2html_wrap_indisplay4424:lthtmlCropMarkHeight:=15.0pt

:tex2html_wrap_indisplay4424:lthtmlCropMarkDepth:=3.0pt:1ex:=5.16667pt
[105]

:tex2html_wrap_indisplay4425:lthtmlCropMarkHeight:=17.00006pt

:tex2html_wrap_indisplay4425:lthtmlCropMarkDepth:=13.22227pt:1ex:=5.16667pt
[106]

:tex2html_wrap_indisplay4426:lthtmlCropMarkHeight:=15.0pt

:tex2html_wrap_indisplay4426:lthtmlCropMarkDepth:=3.0pt:1ex:=5.16667pt
[107]

:tex2html_wrap_indisplay4427:lthtmlCropMarkHeight:=17.00006pt

:tex2html_wrap_indisplay4427:lthtmlCropMarkDepth:=13.22227pt:1ex:=5.16667pt
[108]

:tex2html_wrap_inline4433:lthtmlCropMarkHeight:=15.0pt

:tex2html_wrap_inline4433:lthtmlCropMarkDepth:=3.35555pt:1ex:=5.16667pt
[109]

:tex2html_wrap_inline4435:lthtmlCropMarkHeight:=11.50017pt

:tex2html_wrap_inline4435:lthtmlCropMarkDepth:=1.79999pt:1ex:=5.16667pt
[110]

:tex2html_wrap_inline4437:lthtmlCropMarkHeight:=11.50017pt

:tex2html_wrap_inline4437:lthtmlCropMarkDepth:=3.35555pt:1ex:=5.16667pt
[111]

:tex2html_wrap_inline4439:lthtmlCropMarkHeight:=11.16667pt

:tex2html_wrap_inline4439:lthtmlCropMarkDepth:=2.63336pt:1ex:=5.16667pt
[112]

:tex2html_wrap_indisplay4442:lthtmlCropMarkHeight:=11.16667pt

:tex2html_wrap_indisplay4442:lthtmlCropMarkDepth:=3.35555pt:1ex:=5.16667pt
[113]

:tex2html_wrap_indisplay4443:lthtmlCropMarkHeight:=15.0pt

:tex2html_wrap_indisplay4443:lthtmlCropMarkDepth:=3.35555pt:1ex:=5.16667pt
[114]

:tex2html_wrap_indisplay4444:lthtmlCropMarkHeight:=11.16667pt

:tex2html_wrap_indisplay4444:lthtmlCropMarkDepth:=3.35555pt:1ex:=5.16667pt
[115]

:tex2html_wrap_indisplay4445:lthtmlCropMarkHeight:=15.0pt

:tex2html_wrap_indisplay4445:lthtmlCropMarkDepth:=3.35555pt:1ex:=5.16667pt
[116]

:tex2html_wrap_inline4447:lthtmlCropMarkHeight:=14.2pt

:tex2html_wrap_inline4447:lthtmlCropMarkDepth:=0.0pt:1ex:=5.16667pt
[117]

:tex2html_wrap_inline4449:lthtmlCropMarkHeight:=14.2pt

:tex2html_wrap_inline4449:lthtmlCropMarkDepth:=0.0pt:1ex:=5.16667pt
[118]

:tex2html_wrap_inline4451:lthtmlCropMarkHeight:=14.2pt

:tex2html_wrap_inline4451:lthtmlCropMarkDepth:=0.0pt:1ex:=5.16667pt
[119]

:tex2html_wrap_indisplay4458:lthtmlCropMarkHeight:=15.0pt

:tex2html_wrap_indisplay4458:lthtmlCropMarkDepth:=4.52216pt:1ex:=5.16667pt
[120]

:tex2html_wrap_indisplay4459:lthtmlCropMarkHeight:=14.33331pt

:tex2html_wrap_indisplay4459:lthtmlCropMarkDepth:=3.35555pt:1ex:=5.16667pt
[121]

:tex2html_wrap_indisplay4460:lthtmlCropMarkHeight:=15.0pt

:tex2html_wrap_indisplay4460:lthtmlCropMarkDepth:=4.52216pt:1ex:=5.16667pt
[122]

:tex2html_wrap_indisplay4461:lthtmlCropMarkHeight:=14.33331pt

:tex2html_wrap_indisplay4461:lthtmlCropMarkDepth:=3.35555pt:1ex:=5.16667pt
[123]

:tex2html_wrap_inline4471:lthtmlCropMarkHeight:=15.0pt

:tex2html_wrap_inline4471:lthtmlCropMarkDepth:=3.0pt:1ex:=5.16667pt
[124]

:tex2html_wrap_inline4473:lthtmlCropMarkHeight:=14.33331pt

:tex2html_wrap_inline4473:lthtmlCropMarkDepth:=3.35555pt:1ex:=5.16667pt
[125]

:tex2html_wrap_indisplay4476:lthtmlCropMarkHeight:=15.0pt

:tex2html_wrap_indisplay4476:lthtmlCropMarkDepth:=3.0pt:1ex:=5.16667pt
[126]

:tex2html_wrap_indisplay4477:lthtmlCropMarkHeight:=17.00006pt

:tex2html_wrap_indisplay4477:lthtmlCropMarkDepth:=13.22227pt:1ex:=5.16667pt
[127]

:tex2html_wrap_indisplay4478:lthtmlCropMarkHeight:=15.0pt

:tex2html_wrap_indisplay4478:lthtmlCropMarkDepth:=3.0pt:1ex:=5.16667pt
[128]

:tex2html_wrap_indisplay4479:lthtmlCropMarkHeight:=17.00006pt

:tex2html_wrap_indisplay4479:lthtmlCropMarkDepth:=13.22227pt:1ex:=5.16667pt
[129]

:tex2html_wrap_inline4481:lthtmlCropMarkHeight:=15.0pt

:tex2html_wrap_inline4481:lthtmlCropMarkDepth:=3.35555pt:1ex:=5.16667pt
[130]

:tex2html_wrap_inline4483:lthtmlCropMarkHeight:=15.0pt

:tex2html_wrap_inline4483:lthtmlCropMarkDepth:=3.35555pt:1ex:=5.16667pt
[131]

:tex2html_wrap_inline4485:lthtmlCropMarkHeight:=15.0pt

:tex2html_wrap_inline4485:lthtmlCropMarkDepth:=3.0pt:1ex:=5.16667pt
[132]

:tex2html_wrap_inline4487:lthtmlCropMarkHeight:=15.0pt

:tex2html_wrap_inline4487:lthtmlCropMarkDepth:=4.52216pt:1ex:=5.16667pt
[133]

:tex2html_wrap_inline4489:lthtmlCropMarkHeight:=15.51021pt

:tex2html_wrap_inline4489:lthtmlCropMarkDepth:=4.52216pt:1ex:=5.16667pt
[134]

:tex2html_wrap_inline4491:lthtmlCropMarkHeight:=15.0pt

:tex2html_wrap_inline4491:lthtmlCropMarkDepth:=4.52216pt:1ex:=5.16667pt
[135]

:tex2html_wrap_inline4493:lthtmlCropMarkHeight:=15.0pt

:tex2html_wrap_inline4493:lthtmlCropMarkDepth:=4.52216pt:1ex:=5.16667pt
[136]

:tex2html_wrap_inline4495:lthtmlCropMarkHeight:=15.0pt

:tex2html_wrap_inline4495:lthtmlCropMarkDepth:=4.52216pt:1ex:=5.16667pt
[137]

:tex2html_wrap_inline4503:lthtmlCropMarkHeight:=15.0pt

:tex2html_wrap_inline4503:lthtmlCropMarkDepth:=3.35555pt:1ex:=5.16667pt
[138]

:tex2html_wrap_inline4505:lthtmlCropMarkHeight:=15.0pt

:tex2html_wrap_inline4505:lthtmlCropMarkDepth:=3.35555pt:1ex:=5.16667pt
[139]

:tex2html_wrap_inline4507:lthtmlCropMarkHeight:=18.85004pt

:tex2html_wrap_inline4507:lthtmlCropMarkDepth:=5.55011pt:1ex:=5.16667pt
[140]

:tex2html_wrap_inline4509:lthtmlCropMarkHeight:=18.85004pt

:tex2html_wrap_inline4509:lthtmlCropMarkDepth:=5.55011pt:1ex:=5.16667pt
[141]

:tex2html_wrap_inline4511:lthtmlCropMarkHeight:=15.0pt

:tex2html_wrap_inline4511:lthtmlCropMarkDepth:=3.86668pt:1ex:=5.16667pt
[142]

:tex2html_wrap_indisplay4512:lthtmlCropMarkHeight:=15.0pt

:tex2html_wrap_indisplay4512:lthtmlCropMarkDepth:=3.35555pt:1ex:=5.16667pt
[143]

Package amsmath Warning: Foreign command \over;
(amsmath)                \frac or \genfrac should be used instead
(amsmath)                 on input line 1169.


:tex2html_wrap_indisplay4513:lthtmlCropMarkHeight:=24.00014pt

:tex2html_wrap_indisplay4513:lthtmlCropMarkDepth:=12.00015pt:1ex:=5.16667pt
[144]

:tex2html_wrap_indisplay4514:lthtmlCropMarkHeight:=15.0pt

:tex2html_wrap_indisplay4514:lthtmlCropMarkDepth:=3.35555pt:1ex:=5.16667pt
[145]

:tex2html_wrap_indisplay4515:lthtmlCropMarkHeight:=19.28476pt

:tex2html_wrap_indisplay4515:lthtmlCropMarkDepth:=8.23141pt:1ex:=5.16667pt
[146]

:tex2html_wrap_indisplay4517:lthtmlCropMarkHeight:=28.3893pt

:tex2html_wrap_indisplay4517:lthtmlCropMarkDepth:=14.01103pt:1ex:=5.16667pt
[147]

:tex2html_wrap_inline4519:lthtmlCropMarkHeight:=15.0pt

:tex2html_wrap_inline4519:lthtmlCropMarkDepth:=3.35555pt:1ex:=5.16667pt
[148]

:tex2html_wrap_inline4521:lthtmlCropMarkHeight:=13.55675pt

:tex2html_wrap_inline4521:lthtmlCropMarkDepth:=0.0pt:1ex:=5.16667pt
[149]

:tex2html_wrap_inline4523:lthtmlCropMarkHeight:=14.33331pt

:tex2html_wrap_inline4523:lthtmlCropMarkDepth:=2.33331pt:1ex:=5.16667pt
[150]

:tex2html_wrap_inline4525:lthtmlCropMarkHeight:=11.50017pt

:tex2html_wrap_inline4525:lthtmlCropMarkDepth:=1.79999pt:1ex:=5.16667pt
[151]

:tex2html_wrap_inline4527:lthtmlCropMarkHeight:=11.50017pt

:tex2html_wrap_inline4527:lthtmlCropMarkDepth:=1.79999pt:1ex:=5.16667pt
[152]

:tex2html_wrap_indisplay4531:lthtmlCropMarkHeight:=26.55592pt

:tex2html_wrap_indisplay4531:lthtmlCropMarkDepth:=12.00006pt:1ex:=5.16667pt
[153]

:tex2html_wrap_indisplay4532:lthtmlCropMarkHeight:=15.0pt

:tex2html_wrap_indisplay4532:lthtmlCropMarkDepth:=3.0pt:1ex:=5.16667pt
[154]

:tex2html_wrap_indisplay4533:lthtmlCropMarkHeight:=22.4514pt

:tex2html_wrap_indisplay4533:lthtmlCropMarkDepth:=13.22227pt:1ex:=5.16667pt
[155]

:tex2html_wrap_indisplay4534:lthtmlCropMarkHeight:=15.0pt

:tex2html_wrap_indisplay4534:lthtmlCropMarkDepth:=3.0pt:1ex:=5.16667pt
[156]

:tex2html_wrap_indisplay4535:lthtmlCropMarkHeight:=22.4514pt

:tex2html_wrap_indisplay4535:lthtmlCropMarkDepth:=13.22227pt:1ex:=5.16667pt
[157]

:tex2html_wrap_indisplay4536:lthtmlCropMarkHeight:=15.0pt

:tex2html_wrap_indisplay4536:lthtmlCropMarkDepth:=3.0pt:1ex:=5.16667pt
[158]

:tex2html_wrap_indisplay4537:lthtmlCropMarkHeight:=22.4514pt

:tex2html_wrap_indisplay4537:lthtmlCropMarkDepth:=13.22227pt:1ex:=5.16667pt
[159]

:tex2html_wrap_indisplay4538:lthtmlCropMarkHeight:=15.0pt

:tex2html_wrap_indisplay4538:lthtmlCropMarkDepth:=3.0pt:1ex:=5.16667pt
[160]

:tex2html_wrap_indisplay4539:lthtmlCropMarkHeight:=22.4514pt

:tex2html_wrap_indisplay4539:lthtmlCropMarkDepth:=13.22227pt:1ex:=5.16667pt
[161]

:tex2html_wrap_indisplay4540:lthtmlCropMarkHeight:=15.0pt

:tex2html_wrap_indisplay4540:lthtmlCropMarkDepth:=3.0pt:1ex:=5.16667pt
[162]

:tex2html_wrap_indisplay4541:lthtmlCropMarkHeight:=13.55675pt

:tex2html_wrap_indisplay4541:lthtmlCropMarkDepth:=0.0pt:1ex:=5.16667pt
[163]

:tex2html_wrap_inline4543:lthtmlCropMarkHeight:=11.16667pt

:tex2html_wrap_inline4543:lthtmlCropMarkDepth:=0.0pt:1ex:=5.16667pt
[164]

:tex2html_wrap_inline4545:lthtmlCropMarkHeight:=15.0pt

:tex2html_wrap_inline4545:lthtmlCropMarkDepth:=3.0pt:1ex:=5.16667pt
[165]

:tex2html_wrap_inline4547:lthtmlCropMarkHeight:=15.0pt

:tex2html_wrap_inline4547:lthtmlCropMarkDepth:=3.0pt:1ex:=5.16667pt
[166]

:tex2html_wrap_inline4549:lthtmlCropMarkHeight:=14.33331pt

:tex2html_wrap_inline4549:lthtmlCropMarkDepth:=2.33331pt:1ex:=5.16667pt
[167]

:tex2html_wrap_inline4551:lthtmlCropMarkHeight:=15.0pt

:tex2html_wrap_inline4551:lthtmlCropMarkDepth:=3.0pt:1ex:=5.16667pt
[168]

:tex2html_wrap_inline4553:lthtmlCropMarkHeight:=17.59998pt

:tex2html_wrap_inline4553:lthtmlCropMarkDepth:=6.13809pt:1ex:=5.16667pt
[169]

:tex2html_wrap_indisplay4554:lthtmlCropMarkHeight:=15.0pt

:tex2html_wrap_indisplay4554:lthtmlCropMarkDepth:=3.0pt:1ex:=5.16667pt
[170]

:tex2html_wrap_indisplay4555:lthtmlCropMarkHeight:=22.4514pt

:tex2html_wrap_indisplay4555:lthtmlCropMarkDepth:=13.22227pt:1ex:=5.16667pt
[171]

:tex2html_wrap_indisplay4556:lthtmlCropMarkHeight:=15.0pt

:tex2html_wrap_indisplay4556:lthtmlCropMarkDepth:=3.0pt:1ex:=5.16667pt
[172]

:tex2html_wrap_indisplay4557:lthtmlCropMarkHeight:=22.4514pt

:tex2html_wrap_indisplay4557:lthtmlCropMarkDepth:=13.22227pt:1ex:=5.16667pt
[173]

:tex2html_wrap_indisplay4558:lthtmlCropMarkHeight:=15.0pt

:tex2html_wrap_indisplay4558:lthtmlCropMarkDepth:=3.0pt:1ex:=5.16667pt
[174]

:tex2html_wrap_inline4561:lthtmlCropMarkHeight:=14.2pt

:tex2html_wrap_inline4561:lthtmlCropMarkDepth:=1.79999pt:1ex:=5.16667pt
[175]

:tex2html_wrap_indisplay4565:lthtmlCropMarkHeight:=24.00014pt

:tex2html_wrap_indisplay4565:lthtmlCropMarkDepth:=12.00015pt:1ex:=5.16667pt
[176]

:tex2html_wrap_indisplay4569:lthtmlCropMarkHeight:=24.00014pt

:tex2html_wrap_indisplay4569:lthtmlCropMarkDepth:=12.00015pt:1ex:=5.16667pt
[177]

:tex2html_wrap_inline4571:lthtmlCropMarkHeight:=14.2pt

:tex2html_wrap_inline4571:lthtmlCropMarkDepth:=2.33331pt:1ex:=5.16667pt
[178]

:tex2html_wrap_inline4573:lthtmlCropMarkHeight:=14.2pt

:tex2html_wrap_inline4573:lthtmlCropMarkDepth:=2.33331pt:1ex:=5.16667pt
[179]

:tex2html_wrap_inline4577:lthtmlCropMarkHeight:=13.63165pt

:tex2html_wrap_inline4577:lthtmlCropMarkDepth:=1.63165pt:1ex:=5.16667pt
[180]

:tex2html_wrap_inline4580:lthtmlCropMarkHeight:=13.63165pt

:tex2html_wrap_inline4580:lthtmlCropMarkDepth:=1.63165pt:1ex:=5.16667pt
[181]

:tex2html_wrap_inline4583:lthtmlCropMarkHeight:=15.8657pt

:tex2html_wrap_inline4583:lthtmlCropMarkDepth:=2.9666pt:1ex:=5.16667pt
[182]

:tex2html_wrap_inline4585:lthtmlCropMarkHeight:=14.2pt

:tex2html_wrap_inline4585:lthtmlCropMarkDepth:=3.35555pt:1ex:=5.16667pt
[183]

:tex2html_wrap_inline4587:lthtmlCropMarkHeight:=15.8657pt

:tex2html_wrap_inline4587:lthtmlCropMarkDepth:=2.9666pt:1ex:=5.16667pt
[184]

:tex2html_wrap_inline4591:lthtmlCropMarkHeight:=15.8657pt

:tex2html_wrap_inline4591:lthtmlCropMarkDepth:=2.9666pt:1ex:=5.16667pt
[185]

:tex2html_wrap_inline4593:lthtmlCropMarkHeight:=14.2pt

:tex2html_wrap_inline4593:lthtmlCropMarkDepth:=3.35555pt:1ex:=5.16667pt
[186]

:tex2html_wrap_inline4595:lthtmlCropMarkHeight:=15.8657pt

:tex2html_wrap_inline4595:lthtmlCropMarkDepth:=2.9666pt:1ex:=5.16667pt
[187]

:tex2html_wrap_inline4597:lthtmlCropMarkHeight:=15.8657pt

:tex2html_wrap_inline4597:lthtmlCropMarkDepth:=2.9666pt:1ex:=5.16667pt
[188]

:tex2html_wrap_inline4599:lthtmlCropMarkHeight:=15.8657pt

:tex2html_wrap_inline4599:lthtmlCropMarkDepth:=2.9666pt:1ex:=5.16667pt
[189]

:tex2html_wrap_inline4601:lthtmlCropMarkHeight:=14.2pt

:tex2html_wrap_inline4601:lthtmlCropMarkDepth:=3.35555pt:1ex:=5.16667pt
[190]

:tex2html_wrap_inline4603:lthtmlCropMarkHeight:=15.8657pt

:tex2html_wrap_inline4603:lthtmlCropMarkDepth:=2.9666pt:1ex:=5.16667pt
[191]

:tex2html_wrap_inline4605:lthtmlCropMarkHeight:=15.8657pt

:tex2html_wrap_inline4605:lthtmlCropMarkDepth:=2.9666pt:1ex:=5.16667pt
[192]

:tex2html_wrap_inline4607:lthtmlCropMarkHeight:=20.22636pt

:tex2html_wrap_inline4607:lthtmlCropMarkDepth:=3.02216pt:1ex:=5.16667pt
[193]

:tex2html_wrap_inline4609:lthtmlCropMarkHeight:=14.2pt

:tex2html_wrap_inline4609:lthtmlCropMarkDepth:=3.35555pt:1ex:=5.16667pt
[194]

:tex2html_wrap_inline4611:lthtmlCropMarkHeight:=16.74832pt

:tex2html_wrap_inline4611:lthtmlCropMarkDepth:=1.73164pt:1ex:=5.16667pt
[195]

:tex2html_wrap_inline4613:lthtmlCropMarkHeight:=15.8657pt

:tex2html_wrap_inline4613:lthtmlCropMarkDepth:=2.9666pt:1ex:=5.16667pt
[196]

:tex2html_wrap_inline4615:lthtmlCropMarkHeight:=16.74832pt

:tex2html_wrap_inline4615:lthtmlCropMarkDepth:=3.02216pt:1ex:=5.16667pt
[197]

:displaymath4642:lthtmlCropMarkHeight:=43.50029pt

:displaymath4642:lthtmlCropMarkDepth:=0.0pt:1ex:=5.16667pt
[198]

:tex2html_wrap_inline4644:lthtmlCropMarkHeight:=14.2pt

:tex2html_wrap_inline4644:lthtmlCropMarkDepth:=1.79999pt:1ex:=5.16667pt
[199]

:tex2html_wrap_inline4646:lthtmlCropMarkHeight:=14.2pt

:tex2html_wrap_inline4646:lthtmlCropMarkDepth:=1.79999pt:1ex:=5.16667pt
[200]

:displaymath4652:lthtmlCropMarkHeight:=59.02454pt

:displaymath4652:lthtmlCropMarkDepth:=0.0pt:1ex:=5.16667pt
[201]

:tex2html_wrap_inline4654:lthtmlCropMarkHeight:=14.2pt

:tex2html_wrap_inline4654:lthtmlCropMarkDepth:=0.0pt:1ex:=5.16667pt
[202]

:displaymath4656:lthtmlCropMarkHeight:=59.02454pt

:displaymath4656:lthtmlCropMarkDepth:=0.0pt:1ex:=5.16667pt
[203]

:displaymath4658:lthtmlCropMarkHeight:=59.02454pt

:displaymath4658:lthtmlCropMarkDepth:=0.0pt:1ex:=5.16667pt
[204]

:tex2html_wrap_inline4661:lthtmlCropMarkHeight:=11.16667pt

:tex2html_wrap_inline4661:lthtmlCropMarkDepth:=0.0pt:1ex:=5.16667pt
[205]

:tex2html_wrap_inline4663:lthtmlCropMarkHeight:=11.16667pt

:tex2html_wrap_inline4663:lthtmlCropMarkDepth:=2.33331pt:1ex:=5.16667pt
[206]

:tex2html_wrap_inline4665:lthtmlCropMarkHeight:=14.2pt

:tex2html_wrap_inline4665:lthtmlCropMarkDepth:=2.33331pt:1ex:=5.16667pt
[207]

:tex2html_wrap_inline4667:lthtmlCropMarkHeight:=12.918pt

:tex2html_wrap_inline4667:lthtmlCropMarkDepth:=0.924pt:1ex:=5.16667pt
[208]

:tex2html_wrap_inline4669:lthtmlCropMarkHeight:=14.2pt

:tex2html_wrap_inline4669:lthtmlCropMarkDepth:=2.33331pt:1ex:=5.16667pt
[209]

:tex2html_wrap_inline4671:lthtmlCropMarkHeight:=12.918pt

:tex2html_wrap_inline4671:lthtmlCropMarkDepth:=2.33331pt:1ex:=5.16667pt
[210]

:tex2html_wrap_inline4673:lthtmlCropMarkHeight:=14.2pt

:tex2html_wrap_inline4673:lthtmlCropMarkDepth:=0.924pt:1ex:=5.16667pt
[211]

:tex2html_wrap_inline4691:lthtmlCropMarkHeight:=11.16667pt

:tex2html_wrap_inline4691:lthtmlCropMarkDepth:=0.0pt:1ex:=5.16667pt
[212]

:tex2html_wrap_inline4702:lthtmlCropMarkHeight:=14.2pt

:tex2html_wrap_inline4702:lthtmlCropMarkDepth:=0.0pt:1ex:=5.16667pt
[213]

:tex2html_wrap_indisplay4721:lthtmlCropMarkHeight:=16.51025pt

:tex2html_wrap_indisplay4721:lthtmlCropMarkDepth:=3.0pt:1ex:=5.16667pt
[214]

:tex2html_wrap_indisplay4722:lthtmlCropMarkHeight:=15.0pt

:tex2html_wrap_indisplay4722:lthtmlCropMarkDepth:=3.0pt:1ex:=5.16667pt
[215]

:tex2html_wrap_indisplay4723:lthtmlCropMarkHeight:=28.3893pt

:tex2html_wrap_indisplay4723:lthtmlCropMarkDepth:=14.01103pt:1ex:=5.16667pt
[216]

:tex2html_wrap_indisplay4724:lthtmlCropMarkHeight:=14.33331pt

:tex2html_wrap_indisplay4724:lthtmlCropMarkDepth:=1.79999pt:1ex:=5.16667pt
[217]

:tex2html_wrap_indisplay4725:lthtmlCropMarkHeight:=15.0pt

:tex2html_wrap_indisplay4725:lthtmlCropMarkDepth:=3.86668pt:1ex:=5.16667pt
[218]

:tex2html_wrap_indisplay4727:lthtmlCropMarkHeight:=15.0pt

:tex2html_wrap_indisplay4727:lthtmlCropMarkDepth:=3.0pt:1ex:=5.16667pt
[219]

:tex2html_wrap_inline4729:lthtmlCropMarkHeight:=14.33331pt

:tex2html_wrap_inline4729:lthtmlCropMarkDepth:=0.0pt:1ex:=5.16667pt
[220]

:tex2html_wrap_inline4731:lthtmlCropMarkHeight:=14.2pt

:tex2html_wrap_inline4731:lthtmlCropMarkDepth:=1.79999pt:1ex:=5.16667pt
[221]

:tex2html_wrap_indisplay4733:lthtmlCropMarkHeight:=24.00014pt

:tex2html_wrap_indisplay4733:lthtmlCropMarkDepth:=12.00015pt:1ex:=5.16667pt
[222]

:tex2html_wrap_inline4735:lthtmlCropMarkHeight:=14.2pt

:tex2html_wrap_inline4735:lthtmlCropMarkDepth:=1.79999pt:1ex:=5.16667pt
[223]

:tex2html_wrap_indisplay4737:lthtmlCropMarkHeight:=22.4514pt

:tex2html_wrap_indisplay4737:lthtmlCropMarkDepth:=8.23141pt:1ex:=5.16667pt
[224]

:tex2html_wrap_indisplay4739:lthtmlCropMarkHeight:=24.02835pt

:tex2html_wrap_indisplay4739:lthtmlCropMarkDepth:=8.23141pt:1ex:=5.16667pt
[225]

:tex2html_wrap_inline4745:lthtmlCropMarkHeight:=15.0pt

:tex2html_wrap_inline4745:lthtmlCropMarkDepth:=3.0pt:1ex:=5.16667pt
[226]

:tex2html_wrap_inline4749:lthtmlCropMarkHeight:=15.0pt

:tex2html_wrap_inline4749:lthtmlCropMarkDepth:=3.0pt:1ex:=5.16667pt
[227]

:tex2html_wrap_inline4753:lthtmlCropMarkHeight:=14.38399pt

:tex2html_wrap_inline4753:lthtmlCropMarkDepth:=3.35548pt:1ex:=5.16667pt
[228]

:tex2html_wrap_indisplay4755:lthtmlCropMarkHeight:=20.11122pt

:tex2html_wrap_indisplay4755:lthtmlCropMarkDepth:=8.11124pt:1ex:=5.16667pt
[229]

:tex2html_wrap_inline4757:lthtmlCropMarkHeight:=11.16667pt

:tex2html_wrap_inline4757:lthtmlCropMarkDepth:=3.35555pt:1ex:=5.16667pt
[230]

:tex2html_wrap_inline4759:lthtmlCropMarkHeight:=15.0pt

:tex2html_wrap_inline4759:lthtmlCropMarkDepth:=3.35548pt:1ex:=5.16667pt
[231]

:tex2html_wrap_inline4761:lthtmlCropMarkHeight:=15.0pt

:tex2html_wrap_inline4761:lthtmlCropMarkDepth:=3.35555pt:1ex:=5.16667pt
[232]

:tex2html_wrap_indisplay4763:lthtmlCropMarkHeight:=25.66673pt

:tex2html_wrap_indisplay4763:lthtmlCropMarkDepth:=13.22227pt:1ex:=5.16667pt
[233]

:tex2html_wrap_indisplay4765:lthtmlCropMarkHeight:=20.11122pt

:tex2html_wrap_indisplay4765:lthtmlCropMarkDepth:=8.11124pt:1ex:=5.16667pt
[234]

:tex2html_wrap_inline4769:lthtmlCropMarkHeight:=15.0pt

:tex2html_wrap_inline4769:lthtmlCropMarkDepth:=3.0pt:1ex:=5.16667pt
[235]

:tex2html_wrap_indisplay4771:lthtmlCropMarkHeight:=15.0pt

:tex2html_wrap_indisplay4771:lthtmlCropMarkDepth:=3.0pt:1ex:=5.16667pt
[236]

:tex2html_wrap_indisplay4775:lthtmlCropMarkHeight:=29.8335pt

:tex2html_wrap_indisplay4775:lthtmlCropMarkDepth:=15.00017pt:1ex:=5.16667pt
[237]

:tex2html_wrap_inline4777:lthtmlCropMarkHeight:=16.84431pt

:tex2html_wrap_inline4777:lthtmlCropMarkDepth:=3.02216pt:1ex:=5.16667pt
[238]

:tex2html_wrap_inline4779:lthtmlCropMarkHeight:=16.84431pt

:tex2html_wrap_inline4779:lthtmlCropMarkDepth:=3.02216pt:1ex:=5.16667pt
[239]

:tex2html_wrap_indisplay4781:lthtmlCropMarkHeight:=16.84431pt

:tex2html_wrap_indisplay4781:lthtmlCropMarkDepth:=3.02216pt:1ex:=5.16667pt
[240]

:tex2html_wrap_inline4783:lthtmlCropMarkHeight:=11.16667pt

:tex2html_wrap_inline4783:lthtmlCropMarkDepth:=1.79999pt:1ex:=5.16667pt
[241]

:tex2html_wrap_indisplay4785:lthtmlCropMarkHeight:=29.8335pt

:tex2html_wrap_indisplay4785:lthtmlCropMarkDepth:=15.00017pt:1ex:=5.16667pt
[242]

:tex2html_wrap_inline4787:lthtmlCropMarkHeight:=14.33331pt

:tex2html_wrap_inline4787:lthtmlCropMarkDepth:=1.79999pt:1ex:=5.16667pt
[243]

:tex2html_wrap_inline4791:lthtmlCropMarkHeight:=14.2pt

:tex2html_wrap_inline4791:lthtmlCropMarkDepth:=1.79999pt:1ex:=5.16667pt
[244]

:tex2html_wrap_inline4793:lthtmlCropMarkHeight:=14.2pt

:tex2html_wrap_inline4793:lthtmlCropMarkDepth:=1.79999pt:1ex:=5.16667pt
[245]

:tex2html_wrap_inline4797:lthtmlCropMarkHeight:=14.2pt

:tex2html_wrap_inline4797:lthtmlCropMarkDepth:=1.79999pt:1ex:=5.16667pt
[246]

:tex2html_wrap_inline4811:lthtmlCropMarkHeight:=15.51021pt

:tex2html_wrap_inline4811:lthtmlCropMarkDepth:=3.0pt:1ex:=5.16667pt
[247]

:tex2html_wrap_inline4813:lthtmlCropMarkHeight:=14.33331pt

:tex2html_wrap_inline4813:lthtmlCropMarkDepth:=1.79999pt:1ex:=5.16667pt
[248]

:tex2html_wrap_inline4815:lthtmlCropMarkHeight:=15.51021pt

:tex2html_wrap_inline4815:lthtmlCropMarkDepth:=3.0pt:1ex:=5.16667pt
[249]

:tex2html_wrap_inline4817:lthtmlCropMarkHeight:=14.33331pt

:tex2html_wrap_inline4817:lthtmlCropMarkDepth:=1.79999pt:1ex:=5.16667pt
[250]

:tex2html_wrap_inline4823:lthtmlCropMarkHeight:=15.0pt

:tex2html_wrap_inline4823:lthtmlCropMarkDepth:=3.0pt:1ex:=5.16667pt
[251]

:tex2html_wrap_inline4825:lthtmlCropMarkHeight:=15.51021pt

:tex2html_wrap_inline4825:lthtmlCropMarkDepth:=1.0pt:1ex:=5.16667pt
[252]

:tex2html_wrap_inline4829:lthtmlCropMarkHeight:=15.51021pt

:tex2html_wrap_inline4829:lthtmlCropMarkDepth:=0.0pt:1ex:=5.16667pt
[253]
Package atveryend Info: Empty hook `BeforeClearDocument' on input line 1903.
Package atveryend Info: Empty hook `AfterLastShipout' on input line 1903.
(./intro_images.aux)
Package atveryend Info: Executing hook `AtVeryEndDocument' on input line 1903.
Package atveryend Info: Executing hook `AtEndAfterFileList' on input line 1903.

Package rerunfilecheck Info: File `intro_images.out' has not changed.
(rerunfilecheck)             Checksum: D41D8CD98F00B204E9800998ECF8427E;0.
Package atveryend Info: Empty hook `AtVeryVeryEnd' on input line 1903.
 ) 
Here is how much of TeX's memory you used:
 9433 strings out of 494499
 148960 string characters out of 6176252
 280500 words of memory out of 5000000
 12782 multiletter control sequences out of 15000+600000
 34423 words of font info for 32 fonts, out of 8000000 for 9000
 24 hyphenation exceptions out of 8191
 39i,10n,45p,353b,744s stack positions out of 5000i,500n,10000p,200000b,80000s
{/usr/local/texlive/2018/texmf-dist/fonts/enc/dvips/lm/lm-ec.enc}{/usr/local/
texlive/2018/texmf-dist/fonts/enc/dvips/lm/lm-mathsy.enc}{/usr/local/texlive/20
18/texmf-dist/fonts/enc/dvips/lm/lm-mathex.enc}{/usr/local/texlive/2018/texmf-d
ist/fonts/enc/dvips/lm/lm-rm.enc}{/usr/local/texlive/2018/texmf-dist/fonts/enc/
dvips/lm/lm-mathit.enc}</usr/local/texlive/2018/texmf-dist/fonts/type1/public/l
m/lmbx12.pfb></usr/local/texlive/2018/texmf-dist/fonts/type1/public/lm/lmex10.p
fb></usr/local/texlive/2018/texmf-dist/fonts/type1/public/lm/lmmi12.pfb></usr/l
ocal/texlive/2018/texmf-dist/fonts/type1/public/lm/lmmi8.pfb></usr/local/texliv
e/2018/texmf-dist/fonts/type1/public/lm/lmr12.pfb></usr/local/texlive/2018/texm
f-dist/fonts/type1/public/lm/lmr6.pfb></usr/local/texlive/2018/texmf-dist/fonts
/type1/public/lm/lmr8.pfb></usr/local/texlive/2018/texmf-dist/fonts/type1/publi
c/lm/lmsy10.pfb></usr/local/texlive/2018/texmf-dist/fonts/type1/public/lm/lmsy6
.pfb></usr/local/texlive/2018/texmf-dist/fonts/type1/public/lm/lmsy8.pfb>
Output written on intro_images.pdf (253 pages, 201795 bytes).
PDF statistics:
 870 PDF objects out of 1000 (max. 8388607)
 599 compressed objects within 6 object streams
 0 named destinations out of 1000 (max. 500000)
 1 words of extra memory for PDF output out of 10000 (max. 10000000)

